{"/home/travis/build/npmtest/node-npmtest-phantomas/test.js":{"path":"/home/travis/build/npmtest/node-npmtest-phantomas/test.js","s":{"1":2,"2":2,"3":2,"4":2,"5":2,"6":2,"7":2,"8":1,"9":2,"10":2,"11":1,"12":1,"13":1,"14":1,"15":2,"16":2,"17":2,"18":2,"19":1,"20":1,"21":2,"22":2,"23":2,"24":1,"25":1,"26":1,"27":1,"28":1,"29":1,"30":1,"31":1,"32":1,"33":1,"34":1,"35":1,"36":1,"37":1,"38":1,"39":2,"40":2,"41":1,"42":2,"43":2,"44":1,"45":2,"46":2,"47":1,"48":2,"49":2,"50":1,"51":1,"52":1,"53":1,"54":1},"b":{"1":[2,1,1,1],"2":[1,1,1,1],"3":[1,1],"4":[1,1],"5":[1,1],"6":[1,1],"7":[1,1],"8":[1,1],"9":[1,1],"10":[1,1,1],"11":[1,1],"12":[1,1],"13":[1,1],"14":[1,1],"15":[1,1],"16":[1,1],"17":[1,1]},"f":{"1":2,"2":2,"3":2,"4":2,"5":2,"6":1,"7":1,"8":1,"9":2,"10":2,"11":2,"12":2,"13":1},"fnMap":{"1":{"name":"(anonymous_1)","line":12,"loc":{"start":{"line":12,"column":1},"end":{"line":12,"column":13}}},"2":{"name":"(anonymous_2)","line":19,"loc":{"start":{"line":19,"column":5},"end":{"line":19,"column":17}}},"3":{"name":"(anonymous_3)","line":23,"loc":{"start":{"line":23,"column":24},"end":{"line":23,"column":36}}},"4":{"name":"(anonymous_4)","line":61,"loc":{"start":{"line":61,"column":5},"end":{"line":61,"column":17}}},"5":{"name":"(anonymous_5)","line":82,"loc":{"start":{"line":82,"column":5},"end":{"line":82,"column":17}}},"6":{"name":"(anonymous_6)","line":91,"loc":{"start":{"line":91,"column":77},"end":{"line":94,"column":10}}},"7":{"name":"(anonymous_7)","line":112,"loc":{"start":{"line":112,"column":83},"end":{"line":115,"column":10}},"skip":true},"8":{"name":"(anonymous_8)","line":123,"loc":{"start":{"line":123,"column":77},"end":{"line":126,"column":10}},"skip":true},"9":{"name":"(anonymous_9)","line":139,"loc":{"start":{"line":139,"column":12},"end":{"line":139,"column":40}},"skip":true},"10":{"name":"(anonymous_10)","line":147,"loc":{"start":{"line":147,"column":77},"end":{"line":150,"column":10}},"skip":true},"11":{"name":"(anonymous_11)","line":158,"loc":{"start":{"line":158,"column":83},"end":{"line":161,"column":10}},"skip":true},"12":{"name":"(anonymous_12)","line":169,"loc":{"start":{"line":169,"column":79},"end":{"line":172,"column":10}},"skip":true},"13":{"name":"(anonymous_13)","line":180,"loc":{"start":{"line":180,"column":75},"end":{"line":183,"column":10}},"skip":true}},"statementMap":{"1":{"start":{"line":12,"column":0},"end":{"line":195,"column":5}},"2":{"start":{"line":14,"column":4},"end":{"line":14,"column":14}},"3":{"start":{"line":19,"column":4},"end":{"line":56,"column":9}},"4":{"start":{"line":21,"column":8},"end":{"line":21,"column":19}},"5":{"start":{"line":23,"column":8},"end":{"line":35,"column":13}},"6":{"start":{"line":24,"column":12},"end":{"line":34,"column":13}},"7":{"start":{"line":25,"column":16},"end":{"line":28,"column":30}},"8":{"start":{"line":30,"column":16},"end":{"line":33,"column":27}},"9":{"start":{"line":37,"column":8},"end":{"line":39,"column":21}},"10":{"start":{"line":40,"column":8},"end":{"line":53,"column":9}},"11":{"start":{"line":43,"column":12},"end":{"line":46,"column":14}},"12":{"start":{"line":47,"column":12},"end":{"line":47,"column":18}},"13":{"start":{"line":50,"column":12},"end":{"line":51,"column":33}},"14":{"start":{"line":52,"column":12},"end":{"line":52,"column":18}},"15":{"start":{"line":55,"column":8},"end":{"line":55,"column":35}},"16":{"start":{"line":61,"column":4},"end":{"line":63,"column":9}},"17":{"start":{"line":62,"column":8},"end":{"line":62,"column":15}},"18":{"start":{"line":64,"column":4},"end":{"line":77,"column":5}},"19":{"start":{"line":70,"column":8},"end":{"line":70,"column":14}},"20":{"start":{"line":76,"column":8},"end":{"line":76,"column":14}},"21":{"start":{"line":82,"column":4},"end":{"line":84,"column":9}},"22":{"start":{"line":83,"column":8},"end":{"line":83,"column":15}},"23":{"start":{"line":85,"column":4},"end":{"line":194,"column":5}},"24":{"start":{"line":91,"column":8},"end":{"line":99,"column":10}},"25":{"start":{"line":98,"column":12},"end":{"line":98,"column":35}},"26":{"start":{"line":102,"column":8},"end":{"line":104,"column":63}},"27":{"start":{"line":105,"column":8},"end":{"line":105,"column":14}},"28":{"start":{"line":112,"column":8},"end":{"line":121,"column":10},"skip":true},"29":{"start":{"line":119,"column":12},"end":{"line":119,"column":55},"skip":true},"30":{"start":{"line":120,"column":12},"end":{"line":120,"column":48},"skip":true},"31":{"start":{"line":123,"column":8},"end":{"line":136,"column":10},"skip":true},"32":{"start":{"line":130,"column":12},"end":{"line":130,"column":76},"skip":true},"33":{"start":{"line":131,"column":12},"end":{"line":131,"column":73},"skip":true},"34":{"start":{"line":132,"column":12},"end":{"line":132,"column":74},"skip":true},"35":{"start":{"line":133,"column":12},"end":{"line":133,"column":79},"skip":true},"36":{"start":{"line":134,"column":12},"end":{"line":134,"column":25},"skip":true},"37":{"start":{"line":135,"column":12},"end":{"line":135,"column":45},"skip":true},"38":{"start":{"line":138,"column":8},"end":{"line":145,"column":14},"skip":true},"39":{"start":{"line":143,"column":16},"end":{"line":143,"column":29},"skip":true},"40":{"start":{"line":144,"column":16},"end":{"line":144,"column":55},"skip":true},"41":{"start":{"line":147,"column":8},"end":{"line":156,"column":10},"skip":true},"42":{"start":{"line":154,"column":12},"end":{"line":154,"column":25},"skip":true},"43":{"start":{"line":155,"column":12},"end":{"line":155,"column":45},"skip":true},"44":{"start":{"line":158,"column":8},"end":{"line":167,"column":10},"skip":true},"45":{"start":{"line":165,"column":12},"end":{"line":165,"column":25},"skip":true},"46":{"start":{"line":166,"column":12},"end":{"line":166,"column":48},"skip":true},"47":{"start":{"line":169,"column":8},"end":{"line":178,"column":10},"skip":true},"48":{"start":{"line":176,"column":12},"end":{"line":176,"column":25},"skip":true},"49":{"start":{"line":177,"column":12},"end":{"line":177,"column":46},"skip":true},"50":{"start":{"line":180,"column":8},"end":{"line":189,"column":10},"skip":true},"51":{"start":{"line":187,"column":12},"end":{"line":187,"column":94},"skip":true},"52":{"start":{"line":188,"column":12},"end":{"line":188,"column":48},"skip":true},"53":{"start":{"line":192,"column":8},"end":{"line":192,"column":35},"skip":true},"54":{"start":{"line":193,"column":8},"end":{"line":193,"column":14},"skip":true}},"branchMap":{"1":{"line":25,"type":"binary-expr","locations":[{"start":{"line":25,"column":23},"end":{"line":25,"column":62}},{"start":{"line":26,"column":20},"end":{"line":26,"column":70}},{"start":{"line":27,"column":20},"end":{"line":27,"column":71}},{"start":{"line":28,"column":20},"end":{"line":28,"column":29}}]},"2":{"line":30,"type":"binary-expr","locations":[{"start":{"line":30,"column":23},"end":{"line":30,"column":37}},{"start":{"line":31,"column":20},"end":{"line":31,"column":61}},{"start":{"line":32,"column":20},"end":{"line":32,"column":70}},{"start":{"line":33,"column":20},"end":{"line":33,"column":26}}]},"3":{"line":37,"type":"cond-expr","locations":[{"start":{"line":38,"column":14},"end":{"line":38,"column":20}},{"start":{"line":39,"column":14},"end":{"line":39,"column":20}}]},"4":{"line":40,"type":"switch","locations":[{"start":{"line":42,"column":8},"end":{"line":47,"column":18}},{"start":{"line":49,"column":8},"end":{"line":52,"column":18}}]},"5":{"line":44,"type":"binary-expr","locations":[{"start":{"line":44,"column":16},"end":{"line":44,"column":44}},{"start":{"line":44,"column":48},"end":{"line":44,"column":66}}]},"6":{"line":50,"type":"binary-expr","locations":[{"start":{"line":50,"column":21},"end":{"line":50,"column":49}},{"start":{"line":50,"column":53},"end":{"line":50,"column":72}}]},"7":{"line":64,"type":"switch","locations":[{"start":{"line":69,"column":4},"end":{"line":70,"column":14}},{"start":{"line":75,"column":4},"end":{"line":76,"column":14}}]},"8":{"line":85,"type":"switch","locations":[{"start":{"line":90,"column":4},"end":{"line":105,"column":14}},{"start":{"line":111,"column":4},"end":{"line":193,"column":14},"skip":true}]},"9":{"line":91,"type":"binary-expr","locations":[{"start":{"line":91,"column":42},"end":{"line":91,"column":73}},{"start":{"line":91,"column":77},"end":{"line":99,"column":9}}]},"10":{"line":102,"type":"binary-expr","locations":[{"start":{"line":102,"column":18},"end":{"line":102,"column":32}},{"start":{"line":103,"column":12},"end":{"line":103,"column":53}},{"start":{"line":104,"column":12},"end":{"line":104,"column":61}}]},"11":{"line":112,"type":"binary-expr","locations":[{"start":{"line":112,"column":45},"end":{"line":112,"column":79},"skip":true},{"start":{"line":112,"column":83},"end":{"line":121,"column":9},"skip":true}]},"12":{"line":123,"type":"binary-expr","locations":[{"start":{"line":123,"column":42},"end":{"line":123,"column":73},"skip":true},{"start":{"line":123,"column":77},"end":{"line":136,"column":9},"skip":true}]},"13":{"line":138,"type":"binary-expr","locations":[{"start":{"line":138,"column":48},"end":{"line":138,"column":85},"skip":true},{"start":{"line":139,"column":12},"end":{"line":145,"column":13},"skip":true}]},"14":{"line":147,"type":"binary-expr","locations":[{"start":{"line":147,"column":42},"end":{"line":147,"column":73},"skip":true},{"start":{"line":147,"column":77},"end":{"line":156,"column":9},"skip":true}]},"15":{"line":158,"type":"binary-expr","locations":[{"start":{"line":158,"column":45},"end":{"line":158,"column":79},"skip":true},{"start":{"line":158,"column":83},"end":{"line":167,"column":9},"skip":true}]},"16":{"line":169,"type":"binary-expr","locations":[{"start":{"line":169,"column":43},"end":{"line":169,"column":75},"skip":true},{"start":{"line":169,"column":79},"end":{"line":178,"column":9},"skip":true}]},"17":{"line":180,"type":"binary-expr","locations":[{"start":{"line":180,"column":41},"end":{"line":180,"column":71},"skip":true},{"start":{"line":180,"column":75},"end":{"line":189,"column":9},"skip":true}]}},"code":["/* istanbul instrument in package npmtest_phantomas */","/*jslint","    bitwise: true,","    browser: true,","    maxerr: 8,","    maxlen: 96,","    node: true,","    nomen: true,","    regexp: true,","    stupid: true","*/","(function () {","    'use strict';","    var local;","","","","    // run shared js-env code - pre-init","    (function () {","        // init local","        local = {};","        // init modeJs","        local.modeJs = (function () {","            try {","                return typeof navigator.userAgent === 'string' &&","                    typeof document.querySelector('body') === 'object' &&","                    typeof XMLHttpRequest.prototype.open === 'function' &&","                    'browser';","            } catch (errorCaughtBrowser) {","                return module.exports &&","                    typeof process.versions.node === 'string' &&","                    typeof require('http').createServer === 'function' &&","                    'node';","            }","        }());","        // init global","        local.global = local.modeJs === 'browser'","            ? window","            : global;","        switch (local.modeJs) {","        // re-init local from window.local","        case 'browser':","            local = local.global.utility2.objectSetDefault(","                local.global.utility2_rollup || local.global.local,","                local.global.utility2","            );","            break;","        // re-init local from example.js","        case 'node':","            local = (local.global.utility2_rollup || require('utility2'))","                .requireReadme();","            break;","        }","        // export local","        local.global.local = local;","    }());","","","","    // run shared js-env code - function","    (function () {","        return;","    }());","    switch (local.modeJs) {","","","","    // run browser js-env code - function","    case 'browser':","        break;","","","","    // run node js-env code - function","    case 'node':","        break;","    }","","","","    // run shared js-env code - post-init","    (function () {","        return;","    }());","    switch (local.modeJs) {","","","","    // run browser js-env code - post-init","    case 'browser':","        local.testCase_browser_nullCase = local.testCase_browser_nullCase || function (","            options,","            onError","        ) {","        /*","         * this function will test browsers's null-case handling-behavior-behavior","         */","            onError(null, options);","        };","","        // run tests","        local.nop(local.modeTest &&","            document.querySelector('#testRunButton1') &&","            document.querySelector('#testRunButton1').click());","        break;","","","","    // run node js-env code - post-init","    /* istanbul ignore next */","    case 'node':","        local.testCase_buildApidoc_default = local.testCase_buildApidoc_default || function (","            options,","            onError","        ) {","        /*","         * this function will test buildApidoc's default handling-behavior-behavior","         */","            options = { modulePathList: module.paths };","            local.buildApidoc(options, onError);","        };","","        local.testCase_buildApp_default = local.testCase_buildApp_default || function (","            options,","            onError","        ) {","        /*","         * this function will test buildApp's default handling-behavior-behavior","         */","            local.testCase_buildReadme_default(options, local.onErrorThrow);","            local.testCase_buildLib_default(options, local.onErrorThrow);","            local.testCase_buildTest_default(options, local.onErrorThrow);","            local.testCase_buildCustomOrg_default(options, local.onErrorThrow);","            options = [];","            local.buildApp(options, onError);","        };","","        local.testCase_buildCustomOrg_default = local.testCase_buildCustomOrg_default ||","            function (options, onError) {","            /*","             * this function will test buildCustomOrg's default handling-behavior","             */","                options = {};","                local.buildCustomOrg(options, onError);","            };","","        local.testCase_buildLib_default = local.testCase_buildLib_default || function (","            options,","            onError","        ) {","        /*","         * this function will test buildLib's default handling-behavior","         */","            options = {};","            local.buildLib(options, onError);","        };","","        local.testCase_buildReadme_default = local.testCase_buildReadme_default || function (","            options,","            onError","        ) {","        /*","         * this function will test buildReadme's default handling-behavior-behavior","         */","            options = {};","            local.buildReadme(options, onError);","        };","","        local.testCase_buildTest_default = local.testCase_buildTest_default || function (","            options,","            onError","        ) {","        /*","         * this function will test buildTest's default handling-behavior","         */","            options = {};","            local.buildTest(options, onError);","        };","","        local.testCase_webpage_default = local.testCase_webpage_default || function (","            options,","            onError","        ) {","        /*","         * this function will test webpage's default handling-behavior","         */","            options = { modeCoverageMerge: true, url: local.serverLocalHost + '?modeTest=1' };","            local.browserTest(options, onError);","        };","","        // run test-server","        local.testRunServer(local);","        break;","    }","}());",""],"l":{"12":2,"14":2,"19":2,"21":2,"23":2,"24":2,"25":2,"30":1,"37":2,"40":2,"43":1,"47":1,"50":1,"52":1,"55":2,"61":2,"62":2,"64":2,"70":1,"76":1,"82":2,"83":2,"85":2,"91":1,"98":1,"102":1,"105":1,"112":1,"119":1,"120":1,"123":1,"130":1,"131":1,"132":1,"133":1,"134":1,"135":1,"138":1,"143":2,"144":2,"147":1,"154":2,"155":2,"158":1,"165":2,"166":2,"169":1,"176":2,"177":2,"180":1,"187":1,"188":1,"192":1,"193":1}},"/home/travis/build/npmtest/node-npmtest-phantomas/lib.npmtest_phantomas.js":{"path":"/home/travis/build/npmtest/node-npmtest-phantomas/lib.npmtest_phantomas.js","s":{"1":2,"2":2,"3":2,"4":2,"5":2,"6":2,"7":2,"8":1,"9":2,"10":2,"11":2,"12":2,"13":1,"14":1,"15":1,"16":1},"b":{"1":[2,1,1,1],"2":[1,1,1,1],"3":[1,1],"4":[2,2],"5":[1,1]},"f":{"1":2,"2":2,"3":2},"fnMap":{"1":{"name":"(anonymous_1)","line":12,"loc":{"start":{"line":12,"column":1},"end":{"line":12,"column":13}}},"2":{"name":"(anonymous_2)","line":19,"loc":{"start":{"line":19,"column":5},"end":{"line":19,"column":17}}},"3":{"name":"(anonymous_3)","line":23,"loc":{"start":{"line":23,"column":24},"end":{"line":23,"column":36}}}},"statementMap":{"1":{"start":{"line":12,"column":0},"end":{"line":53,"column":5}},"2":{"start":{"line":14,"column":4},"end":{"line":14,"column":14}},"3":{"start":{"line":19,"column":4},"end":{"line":52,"column":9}},"4":{"start":{"line":21,"column":8},"end":{"line":21,"column":19}},"5":{"start":{"line":23,"column":8},"end":{"line":35,"column":13}},"6":{"start":{"line":24,"column":12},"end":{"line":34,"column":13}},"7":{"start":{"line":25,"column":16},"end":{"line":28,"column":30}},"8":{"start":{"line":30,"column":16},"end":{"line":33,"column":27}},"9":{"start":{"line":37,"column":8},"end":{"line":39,"column":21}},"10":{"start":{"line":41,"column":8},"end":{"line":41,"column":54}},"11":{"start":{"line":43,"column":8},"end":{"line":43,"column":54}},"12":{"start":{"line":45,"column":8},"end":{"line":51,"column":9}},"13":{"start":{"line":46,"column":12},"end":{"line":46,"column":60}},"14":{"start":{"line":48,"column":12},"end":{"line":48,"column":35}},"15":{"start":{"line":49,"column":12},"end":{"line":49,"column":49}},"16":{"start":{"line":50,"column":12},"end":{"line":50,"column":43}}},"branchMap":{"1":{"line":25,"type":"binary-expr","locations":[{"start":{"line":25,"column":23},"end":{"line":25,"column":62}},{"start":{"line":26,"column":20},"end":{"line":26,"column":70}},{"start":{"line":27,"column":20},"end":{"line":27,"column":71}},{"start":{"line":28,"column":20},"end":{"line":28,"column":29}}]},"2":{"line":30,"type":"binary-expr","locations":[{"start":{"line":30,"column":23},"end":{"line":30,"column":37}},{"start":{"line":31,"column":20},"end":{"line":31,"column":61}},{"start":{"line":32,"column":20},"end":{"line":32,"column":70}},{"start":{"line":33,"column":20},"end":{"line":33,"column":26}}]},"3":{"line":37,"type":"cond-expr","locations":[{"start":{"line":38,"column":14},"end":{"line":38,"column":20}},{"start":{"line":39,"column":14},"end":{"line":39,"column":20}}]},"4":{"line":41,"type":"binary-expr","locations":[{"start":{"line":41,"column":16},"end":{"line":41,"column":44}},{"start":{"line":41,"column":48},"end":{"line":41,"column":53}}]},"5":{"line":45,"type":"if","locations":[{"start":{"line":45,"column":8},"end":{"line":45,"column":8}},{"start":{"line":45,"column":8},"end":{"line":45,"column":8}}]}},"code":["/* istanbul instrument in package npmtest_phantomas */","/*jslint","    bitwise: true,","    browser: true,","    maxerr: 8,","    maxlen: 96,","    node: true,","    nomen: true,","    regexp: true,","    stupid: true","*/","(function () {","    'use strict';","    var local;","","","","    // run shared js-env code - pre-init","    (function () {","        // init local","        local = {};","        // init modeJs","        local.modeJs = (function () {","            try {","                return typeof navigator.userAgent === 'string' &&","                    typeof document.querySelector('body') === 'object' &&","                    typeof XMLHttpRequest.prototype.open === 'function' &&","                    'browser';","            } catch (errorCaughtBrowser) {","                return module.exports &&","                    typeof process.versions.node === 'string' &&","                    typeof require('http').createServer === 'function' &&","                    'node';","            }","        }());","        // init global","        local.global = local.modeJs === 'browser'","            ? window","            : global;","        // init utility2_rollup","        local = local.global.utility2_rollup || local;","        // init lib","        local.local = local.npmtest_phantomas = local;","        // init exports","        if (local.modeJs === 'browser') {","            local.global.utility2_npmtest_phantomas = local;","        } else {","            module.exports = local;","            module.exports.__dirname = __dirname;","            module.exports.module = module;","        }","    }());","}());",""],"l":{"12":2,"14":2,"19":2,"21":2,"23":2,"24":2,"25":2,"30":1,"37":2,"41":2,"43":2,"45":2,"46":1,"48":1,"49":1,"50":1}},"/home/travis/build/npmtest/node-npmtest-phantomas/example.js":{"path":"/home/travis/build/npmtest/node-npmtest-phantomas/example.js","s":{"1":2,"2":2,"3":2,"4":2,"5":2,"6":2,"7":2,"8":1,"9":2,"10":2,"11":2,"12":2,"13":1,"14":2,"15":2,"16":2,"17":2,"18":2,"19":0,"20":2,"21":1,"22":1,"23":1,"24":1,"25":1,"26":0,"27":0,"28":1,"29":1,"30":2,"31":0,"32":0,"33":0,"34":1,"35":2,"36":2,"37":3,"38":3,"39":3,"40":3,"41":0,"42":3,"43":3,"44":3,"45":1,"46":3,"47":1,"48":1,"49":1,"50":1,"51":1,"52":1,"53":1,"54":1,"55":1,"56":1,"57":0,"58":1,"59":6,"60":6,"61":1,"62":2,"63":0,"64":2,"65":1,"66":1,"67":0,"68":0,"69":0,"70":0,"71":0,"72":0,"73":0,"74":0,"75":0,"76":0,"77":0,"78":0,"79":0,"80":0,"81":0,"82":0,"83":0},"b":{"1":[2,1,1,1],"2":[1,1,1,1],"3":[1,1],"4":[2,2],"5":[1,1],"6":[1,1],"7":[2,0],"8":[2,1,1,1,1,1],"9":[0,2,0],"10":[1,1],"11":[2,1,1],"12":[1,0],"13":[0,2],"14":[2,0,0,0,0,0,0],"15":[0,3],"16":[3,0],"17":[1,1],"18":[0,1],"19":[1,2,0,2],"20":[1,0],"21":[1,1],"22":[0,0],"23":[0,0],"24":[0,0],"25":[0,0],"26":[0,0],"27":[0,0],"28":[0,0]},"f":{"1":2,"2":2,"3":2,"4":2,"5":2,"6":2,"7":3,"8":3,"9":3,"10":1,"11":6,"12":0},"fnMap":{"1":{"name":"(anonymous_1)","line":26,"loc":{"start":{"line":26,"column":1},"end":{"line":26,"column":13}}},"2":{"name":"(anonymous_2)","line":33,"loc":{"start":{"line":33,"column":5},"end":{"line":33,"column":17}}},"3":{"name":"(anonymous_3)","line":37,"loc":{"start":{"line":37,"column":24},"end":{"line":37,"column":36}}},"4":{"name":"(anonymous_4)","line":69,"loc":{"start":{"line":69,"column":31},"end":{"line":69,"column":48}},"skip":true},"5":{"name":"(anonymous_5)","line":78,"loc":{"start":{"line":78,"column":26},"end":{"line":78,"column":45}},"skip":true},"6":{"name":"(anonymous_6)","line":123,"loc":{"start":{"line":123,"column":33},"end":{"line":123,"column":48}},"skip":true},"7":{"name":"(anonymous_7)","line":125,"loc":{"start":{"line":125,"column":27},"end":{"line":125,"column":39}},"skip":true},"8":{"name":"(anonymous_8)","line":133,"loc":{"start":{"line":133,"column":59},"end":{"line":133,"column":74}},"skip":true},"9":{"name":"(anonymous_9)","line":143,"loc":{"start":{"line":143,"column":45},"end":{"line":143,"column":62}},"skip":true},"10":{"name":"(anonymous_10)","line":144,"loc":{"start":{"line":144,"column":73},"end":{"line":144,"column":92}},"skip":true},"11":{"name":"(anonymous_11)","line":272,"loc":{"start":{"line":272,"column":51},"end":{"line":272,"column":77}},"skip":true},"12":{"name":"(anonymous_12)","line":315,"loc":{"start":{"line":315,"column":32},"end":{"line":315,"column":61}},"skip":true}},"statementMap":{"1":{"start":{"line":26,"column":0},"end":{"line":326,"column":5}},"2":{"start":{"line":28,"column":4},"end":{"line":28,"column":14}},"3":{"start":{"line":33,"column":4},"end":{"line":60,"column":9}},"4":{"start":{"line":35,"column":8},"end":{"line":35,"column":19}},"5":{"start":{"line":37,"column":8},"end":{"line":49,"column":13}},"6":{"start":{"line":38,"column":12},"end":{"line":48,"column":13}},"7":{"start":{"line":39,"column":16},"end":{"line":42,"column":30}},"8":{"start":{"line":44,"column":16},"end":{"line":47,"column":27}},"9":{"start":{"line":51,"column":8},"end":{"line":53,"column":21}},"10":{"start":{"line":55,"column":8},"end":{"line":57,"column":45}},"11":{"start":{"line":59,"column":8},"end":{"line":59,"column":35}},"12":{"start":{"line":61,"column":4},"end":{"line":325,"column":5}},"13":{"start":{"line":69,"column":8},"end":{"line":121,"column":10},"skip":true},"14":{"start":{"line":70,"column":12},"end":{"line":88,"column":13},"skip":true},"15":{"start":{"line":76,"column":16},"end":{"line":87,"column":19},"skip":true},"16":{"start":{"line":79,"column":20},"end":{"line":86,"column":21},"skip":true},"17":{"start":{"line":82,"column":24},"end":{"line":82,"column":43},"skip":true},"18":{"start":{"line":83,"column":24},"end":{"line":83,"column":30},"skip":true},"19":{"start":{"line":85,"column":24},"end":{"line":85,"column":49},"skip":true},"20":{"start":{"line":89,"column":12},"end":{"line":107,"column":13},"skip":true},"21":{"start":{"line":92,"column":16},"end":{"line":102,"column":17},"skip":true},"22":{"start":{"line":93,"column":20},"end":{"line":93,"column":86},"skip":true},"23":{"start":{"line":94,"column":20},"end":{"line":95,"column":45},"skip":true},"24":{"start":{"line":96,"column":20},"end":{"line":96,"column":42},"skip":true},"25":{"start":{"line":97,"column":20},"end":{"line":97,"column":48},"skip":true},"26":{"start":{"line":100,"column":20},"end":{"line":100,"column":85},"skip":true},"27":{"start":{"line":101,"column":20},"end":{"line":101,"column":96},"skip":true},"28":{"start":{"line":103,"column":16},"end":{"line":103,"column":22},"skip":true},"29":{"start":{"line":106,"column":16},"end":{"line":106,"column":22},"skip":true},"30":{"start":{"line":108,"column":12},"end":{"line":120,"column":13},"skip":true},"31":{"start":{"line":114,"column":16},"end":{"line":119,"column":17},"skip":true},"32":{"start":{"line":116,"column":20},"end":{"line":116,"column":78},"skip":true},"33":{"start":{"line":118,"column":20},"end":{"line":118,"column":47},"skip":true},"34":{"start":{"line":123,"column":8},"end":{"line":141,"column":11},"skip":true},"35":{"start":{"line":124,"column":12},"end":{"line":124,"column":54},"skip":true},"36":{"start":{"line":125,"column":12},"end":{"line":140,"column":14},"skip":true},"37":{"start":{"line":126,"column":16},"end":{"line":126,"column":28},"skip":true},"38":{"start":{"line":127,"column":16},"end":{"line":127,"column":69},"skip":true},"39":{"start":{"line":128,"column":16},"end":{"line":128,"column":75},"skip":true},"40":{"start":{"line":129,"column":16},"end":{"line":131,"column":17},"skip":true},"41":{"start":{"line":130,"column":20},"end":{"line":130,"column":27},"skip":true},"42":{"start":{"line":133,"column":16},"end":{"line":137,"column":36},"skip":true},"43":{"start":{"line":134,"column":20},"end":{"line":136,"column":55},"skip":true},"44":{"start":{"line":139,"column":16},"end":{"line":139,"column":57},"skip":true},"45":{"start":{"line":143,"column":8},"end":{"line":147,"column":11},"skip":true},"46":{"start":{"line":144,"column":12},"end":{"line":146,"column":15},"skip":true},"47":{"start":{"line":145,"column":16},"end":{"line":145,"column":70},"skip":true},"48":{"start":{"line":149,"column":8},"end":{"line":149,"column":31},"skip":true},"49":{"start":{"line":150,"column":8},"end":{"line":150,"column":14},"skip":true},"50":{"start":{"line":158,"column":8},"end":{"line":158,"column":31},"skip":true},"51":{"start":{"line":160,"column":8},"end":{"line":160,"column":33},"skip":true},"52":{"start":{"line":161,"column":8},"end":{"line":161,"column":37},"skip":true},"53":{"start":{"line":162,"column":8},"end":{"line":162,"column":35},"skip":true},"54":{"start":{"line":164,"column":8},"end":{"line":164,"column":50},"skip":true},"55":{"start":{"line":166,"column":8},"end":{"line":256,"column":2},"skip":true},"56":{"start":{"line":258,"column":8},"end":{"line":286,"column":9},"skip":true},"57":{"start":{"line":259,"column":12},"end":{"line":269,"column":14},"skip":true},"58":{"start":{"line":271,"column":12},"end":{"line":285,"column":19},"skip":true},"59":{"start":{"line":274,"column":20},"end":{"line":274,"column":35},"skip":true},"60":{"start":{"line":275,"column":20},"end":{"line":284,"column":21},"skip":true},"61":{"start":{"line":277,"column":24},"end":{"line":277,"column":64},"skip":true},"62":{"start":{"line":279,"column":24},"end":{"line":279,"column":40},"skip":true},"63":{"start":{"line":281,"column":24},"end":{"line":281,"column":40},"skip":true},"64":{"start":{"line":283,"column":24},"end":{"line":283,"column":39},"skip":true},"65":{"start":{"line":288,"column":8},"end":{"line":290,"column":9},"skip":true},"66":{"start":{"line":289,"column":12},"end":{"line":289,"column":18},"skip":true},"67":{"start":{"line":291,"column":8},"end":{"line":293,"column":54},"skip":true},"68":{"start":{"line":296,"column":8},"end":{"line":301,"column":37},"skip":true},"69":{"start":{"line":303,"column":8},"end":{"line":303,"column":82},"skip":true},"70":{"start":{"line":306,"column":8},"end":{"line":308,"column":9},"skip":true},"71":{"start":{"line":307,"column":12},"end":{"line":307,"column":82},"skip":true},"72":{"start":{"line":310,"column":8},"end":{"line":312,"column":9},"skip":true},"73":{"start":{"line":311,"column":12},"end":{"line":311,"column":18},"skip":true},"74":{"start":{"line":313,"column":8},"end":{"line":313,"column":54},"skip":true},"75":{"start":{"line":314,"column":8},"end":{"line":314,"column":69},"skip":true},"76":{"start":{"line":315,"column":8},"end":{"line":323,"column":36},"skip":true},"77":{"start":{"line":316,"column":12},"end":{"line":316,"column":61},"skip":true},"78":{"start":{"line":317,"column":12},"end":{"line":320,"column":13},"skip":true},"79":{"start":{"line":318,"column":16},"end":{"line":318,"column":75},"skip":true},"80":{"start":{"line":319,"column":16},"end":{"line":319,"column":23},"skip":true},"81":{"start":{"line":321,"column":12},"end":{"line":321,"column":38},"skip":true},"82":{"start":{"line":322,"column":12},"end":{"line":322,"column":27},"skip":true},"83":{"start":{"line":324,"column":8},"end":{"line":324,"column":14},"skip":true}},"branchMap":{"1":{"line":39,"type":"binary-expr","locations":[{"start":{"line":39,"column":23},"end":{"line":39,"column":62}},{"start":{"line":40,"column":20},"end":{"line":40,"column":70}},{"start":{"line":41,"column":20},"end":{"line":41,"column":71}},{"start":{"line":42,"column":20},"end":{"line":42,"column":29}}]},"2":{"line":44,"type":"binary-expr","locations":[{"start":{"line":44,"column":23},"end":{"line":44,"column":37}},{"start":{"line":45,"column":20},"end":{"line":45,"column":61}},{"start":{"line":46,"column":20},"end":{"line":46,"column":70}},{"start":{"line":47,"column":20},"end":{"line":47,"column":26}}]},"3":{"line":51,"type":"cond-expr","locations":[{"start":{"line":52,"column":14},"end":{"line":52,"column":20}},{"start":{"line":53,"column":14},"end":{"line":53,"column":20}}]},"4":{"line":55,"type":"binary-expr","locations":[{"start":{"line":55,"column":16},"end":{"line":55,"column":44}},{"start":{"line":55,"column":49},"end":{"line":57,"column":43}}]},"5":{"line":55,"type":"cond-expr","locations":[{"start":{"line":56,"column":14},"end":{"line":56,"column":53}},{"start":{"line":57,"column":14},"end":{"line":57,"column":43}}]},"6":{"line":61,"type":"switch","locations":[{"start":{"line":68,"column":4},"end":{"line":150,"column":14},"skip":true},{"start":{"line":156,"column":4},"end":{"line":324,"column":14},"skip":true}]},"7":{"line":70,"type":"if","locations":[{"start":{"line":70,"column":12},"end":{"line":70,"column":12},"skip":true},{"start":{"line":70,"column":12},"end":{"line":70,"column":12},"skip":true}]},"8":{"line":70,"type":"binary-expr","locations":[{"start":{"line":70,"column":16},"end":{"line":70,"column":22},"skip":true},{"start":{"line":70,"column":27},"end":{"line":70,"column":32},"skip":true},{"start":{"line":71,"column":20},"end":{"line":71,"column":39},"skip":true},{"start":{"line":72,"column":20},"end":{"line":72,"column":49},"skip":true},{"start":{"line":73,"column":20},"end":{"line":73,"column":58},"skip":true},{"start":{"line":74,"column":20},"end":{"line":74,"column":69},"skip":true}]},"9":{"line":79,"type":"switch","locations":[{"start":{"line":80,"column":20},"end":{"line":80,"column":33},"skip":true},{"start":{"line":81,"column":20},"end":{"line":83,"column":30},"skip":true},{"start":{"line":84,"column":20},"end":{"line":85,"column":49},"skip":true}]},"10":{"line":89,"type":"switch","locations":[{"start":{"line":90,"column":12},"end":{"line":103,"column":22},"skip":true},{"start":{"line":105,"column":12},"end":{"line":106,"column":22},"skip":true}]},"11":{"line":89,"type":"binary-expr","locations":[{"start":{"line":89,"column":20},"end":{"line":89,"column":25},"skip":true},{"start":{"line":89,"column":29},"end":{"line":89,"column":48},"skip":true},{"start":{"line":89,"column":52},"end":{"line":89,"column":74},"skip":true}]},"12":{"line":92,"type":"if","locations":[{"start":{"line":92,"column":16},"end":{"line":92,"column":16},"skip":true},{"start":{"line":92,"column":16},"end":{"line":92,"column":16},"skip":true}]},"13":{"line":108,"type":"if","locations":[{"start":{"line":108,"column":12},"end":{"line":108,"column":12},"skip":true},{"start":{"line":108,"column":12},"end":{"line":108,"column":12},"skip":true}]},"14":{"line":108,"type":"binary-expr","locations":[{"start":{"line":108,"column":16},"end":{"line":108,"column":61},"skip":true},{"start":{"line":108,"column":66},"end":{"line":108,"column":72},"skip":true},{"start":{"line":108,"column":77},"end":{"line":108,"column":82},"skip":true},{"start":{"line":109,"column":20},"end":{"line":109,"column":39},"skip":true},{"start":{"line":110,"column":20},"end":{"line":110,"column":49},"skip":true},{"start":{"line":111,"column":20},"end":{"line":111,"column":58},"skip":true},{"start":{"line":112,"column":20},"end":{"line":112,"column":68},"skip":true}]},"15":{"line":129,"type":"if","locations":[{"start":{"line":129,"column":16},"end":{"line":129,"column":16},"skip":true},{"start":{"line":129,"column":16},"end":{"line":129,"column":16},"skip":true}]},"16":{"line":134,"type":"cond-expr","locations":[{"start":{"line":135,"column":26},"end":{"line":135,"column":29},"skip":true},{"start":{"line":136,"column":26},"end":{"line":136,"column":54},"skip":true}]},"17":{"line":164,"type":"binary-expr","locations":[{"start":{"line":164,"column":27},"end":{"line":164,"column":43},"skip":true},{"start":{"line":164,"column":47},"end":{"line":164,"column":49},"skip":true}]},"18":{"line":258,"type":"if","locations":[{"start":{"line":258,"column":8},"end":{"line":258,"column":8},"skip":true},{"start":{"line":258,"column":8},"end":{"line":258,"column":8},"skip":true}]},"19":{"line":275,"type":"switch","locations":[{"start":{"line":276,"column":20},"end":{"line":277,"column":64},"skip":true},{"start":{"line":278,"column":20},"end":{"line":279,"column":40},"skip":true},{"start":{"line":280,"column":20},"end":{"line":281,"column":40},"skip":true},{"start":{"line":282,"column":20},"end":{"line":283,"column":39},"skip":true}]},"20":{"line":288,"type":"if","locations":[{"start":{"line":288,"column":8},"end":{"line":288,"column":8},"skip":true},{"start":{"line":288,"column":8},"end":{"line":288,"column":8},"skip":true}]},"21":{"line":288,"type":"binary-expr","locations":[{"start":{"line":288,"column":12},"end":{"line":288,"column":40},"skip":true},{"start":{"line":288,"column":44},"end":{"line":288,"column":67},"skip":true}]},"22":{"line":292,"type":"binary-expr","locations":[{"start":{"line":292,"column":12},"end":{"line":292,"column":50},"skip":true},{"start":{"line":293,"column":12},"end":{"line":293,"column":53},"skip":true}]},"23":{"line":297,"type":"binary-expr","locations":[{"start":{"line":297,"column":12},"end":{"line":297,"column":67},"skip":true},{"start":{"line":298,"column":12},"end":{"line":301,"column":36},"skip":true}]},"24":{"line":303,"type":"binary-expr","locations":[{"start":{"line":303,"column":43},"end":{"line":303,"column":75},"skip":true},{"start":{"line":303,"column":79},"end":{"line":303,"column":81},"skip":true}]},"25":{"line":306,"type":"if","locations":[{"start":{"line":306,"column":8},"end":{"line":306,"column":8},"skip":true},{"start":{"line":306,"column":8},"end":{"line":306,"column":8},"skip":true}]},"26":{"line":310,"type":"if","locations":[{"start":{"line":310,"column":8},"end":{"line":310,"column":8},"skip":true},{"start":{"line":310,"column":8},"end":{"line":310,"column":8},"skip":true}]},"27":{"line":313,"type":"binary-expr","locations":[{"start":{"line":313,"column":27},"end":{"line":313,"column":43},"skip":true},{"start":{"line":313,"column":47},"end":{"line":313,"column":53},"skip":true}]},"28":{"line":317,"type":"if","locations":[{"start":{"line":317,"column":12},"end":{"line":317,"column":12},"skip":true},{"start":{"line":317,"column":12},"end":{"line":317,"column":12},"skip":true}]}},"code":["/*","example.js","","quickstart example","","instruction","    1. save this script as example.js","    2. run the shell command:","        $ npm install npmtest-phantomas && PORT=8081 node example.js","    3. play with the browser-demo on http://127.0.0.1:8081","*/","","","","/* istanbul instrument in package npmtest_phantomas */","/*jslint","    bitwise: true,","    browser: true,","    maxerr: 8,","    maxlen: 96,","    node: true,","    nomen: true,","    regexp: true,","    stupid: true","*/","(function () {","    'use strict';","    var local;","","","","    // run shared js-env code - pre-init","    (function () {","        // init local","        local = {};","        // init modeJs","        local.modeJs = (function () {","            try {","                return typeof navigator.userAgent === 'string' &&","                    typeof document.querySelector('body') === 'object' &&","                    typeof XMLHttpRequest.prototype.open === 'function' &&","                    'browser';","            } catch (errorCaughtBrowser) {","                return module.exports &&","                    typeof process.versions.node === 'string' &&","                    typeof require('http').createServer === 'function' &&","                    'node';","            }","        }());","        // init global","        local.global = local.modeJs === 'browser'","            ? window","            : global;","        // init utility2_rollup","        local = local.global.utility2_rollup || (local.modeJs === 'browser'","            ? local.global.utility2_npmtest_phantomas","            : global.utility2_moduleExports);","        // export local","        local.global.local = local;","    }());","    switch (local.modeJs) {","","","","    // post-init","    // run browser js-env code - post-init","    /* istanbul ignore next */","    case 'browser':","        local.testRunBrowser = function (event) {","            if (!event || (event &&","                    event.currentTarget &&","                    event.currentTarget.className &&","                    event.currentTarget.className.includes &&","                    event.currentTarget.className.includes('onreset'))) {","                // reset output","                Array.from(","                    document.querySelectorAll('body > .resettable')","                ).forEach(function (element) {","                    switch (element.tagName) {","                    case 'INPUT':","                    case 'TEXTAREA':","                        element.value = '';","                        break;","                    default:","                        element.textContent = '';","                    }","                });","            }","            switch (event && event.currentTarget && event.currentTarget.id) {","            case 'testRunButton1':","                // show tests","                if (document.querySelector('#testReportDiv1').style.display === 'none') {","                    document.querySelector('#testReportDiv1').style.display = 'block';","                    document.querySelector('#testRunButton1').textContent =","                        'hide internal test';","                    local.modeTest = true;","                    local.testRunDefault(local);","                // hide tests","                } else {","                    document.querySelector('#testReportDiv1').style.display = 'none';","                    document.querySelector('#testRunButton1').textContent = 'run internal test';","                }","                break;","            // custom-case","            default:","                break;","            }","            if (document.querySelector('#inputTextareaEval1') && (!event || (event &&","                    event.currentTarget &&","                    event.currentTarget.className &&","                    event.currentTarget.className.includes &&","                    event.currentTarget.className.includes('oneval')))) {","                // try to eval input-code","                try {","                    /*jslint evil: true*/","                    eval(document.querySelector('#inputTextareaEval1').value);","                } catch (errorCaught) {","                    console.error(errorCaught);","                }","            }","        };","        // log stderr and stdout to #outputTextareaStdout1","        ['error', 'log'].forEach(function (key) {","            console[key + '_original'] = console[key];","            console[key] = function () {","                var element;","                console[key + '_original'].apply(console, arguments);","                element = document.querySelector('#outputTextareaStdout1');","                if (!element) {","                    return;","                }","                // append text to #outputTextareaStdout1","                element.value += Array.from(arguments).map(function (arg) {","                    return typeof arg === 'string'","                        ? arg","                        : JSON.stringify(arg, null, 4);","                }).join(' ') + '\\n';","                // scroll textarea to bottom","                element.scrollTop = element.scrollHeight;","            };","        });","        // init event-handling","        ['change', 'click', 'keyup'].forEach(function (event) {","            Array.from(document.querySelectorAll('.on' + event)).forEach(function (element) {","                element.addEventListener(event, local.testRunBrowser);","            });","        });","        // run tests","        local.testRunBrowser();","        break;","","","","    // run node js-env code - post-init","    /* istanbul ignore next */","    case 'node':","        // export local","        module.exports = local;","        // require modules","        local.fs = require('fs');","        local.http = require('http');","        local.url = require('url');","        // init assets","        local.assetsDict = local.assetsDict || {};","        /* jslint-ignore-begin */","        local.assetsDict['/assets.index.template.html'] = '\\","<!doctype html>\\n\\","<html lang=\"en\">\\n\\","<head>\\n\\","<meta charset=\"UTF-8\">\\n\\","<meta name=\"viewport\" content=\"width=device-width, initial-scale=1\">\\n\\","<title>{{env.npm_package_name}} (v{{env.npm_package_version}})</title>\\n\\","<style>\\n\\","/*csslint\\n\\","    box-sizing: false,\\n\\","    universal-selector: false\\n\\","*/\\n\\","* {\\n\\","    box-sizing: border-box;\\n\\","}\\n\\","body {\\n\\","    background: #dde;\\n\\","    font-family: Arial, Helvetica, sans-serif;\\n\\","    margin: 2rem;\\n\\","}\\n\\","body > * {\\n\\","    margin-bottom: 1rem;\\n\\","}\\n\\",".utility2FooterDiv {\\n\\","    margin-top: 20px;\\n\\","    text-align: center;\\n\\","}\\n\\","</style>\\n\\","<style>\\n\\","/*csslint\\n\\","*/\\n\\","textarea {\\n\\","    font-family: monospace;\\n\\","    height: 10rem;\\n\\","    width: 100%;\\n\\","}\\n\\","textarea[readonly] {\\n\\","    background: #ddd;\\n\\","}\\n\\","</style>\\n\\","</head>\\n\\","<body>\\n\\","<!-- utility2-comment\\n\\","<div id=\"ajaxProgressDiv1\" style=\"background: #d00; height: 2px; left: 0; margin: 0; padding: 0; position: fixed; top: 0; transition: background 0.5s, width 1.5s; width: 25%;\"></div>\\n\\","utility2-comment -->\\n\\","<h1>\\n\\","<!-- utility2-comment\\n\\","    <a\\n\\","        {{#if env.npm_package_homepage}}\\n\\","        href=\"{{env.npm_package_homepage}}\"\\n\\","        {{/if env.npm_package_homepage}}\\n\\","        target=\"_blank\"\\n\\","    >\\n\\","utility2-comment -->\\n\\","        {{env.npm_package_name}} (v{{env.npm_package_version}})\\n\\","<!-- utility2-comment\\n\\","    </a>\\n\\","utility2-comment -->\\n\\","</h1>\\n\\","<h3>{{env.npm_package_description}}</h3>\\n\\","<!-- utility2-comment\\n\\","<h4><a download href=\"assets.app.js\">download standalone app</a></h4>\\n\\","<button class=\"onclick onreset\" id=\"testRunButton1\">run internal test</button><br>\\n\\","<div id=\"testReportDiv1\" style=\"display: none;\"></div>\\n\\","utility2-comment -->\\n\\","\\n\\","\\n\\","\\n\\","<label>stderr and stdout</label>\\n\\","<textarea class=\"resettable\" id=\"outputTextareaStdout1\" readonly></textarea>\\n\\","<!-- utility2-comment\\n\\","{{#if isRollup}}\\n\\","<script src=\"assets.app.js\"></script>\\n\\","{{#unless isRollup}}\\n\\","utility2-comment -->\\n\\","<script src=\"assets.utility2.rollup.js\"></script>\\n\\","<script src=\"jsonp.utility2._stateInit?callback=window.utility2._stateInit\"></script>\\n\\","<script src=\"assets.npmtest_phantomas.rollup.js\"></script>\\n\\","<script src=\"assets.example.js\"></script>\\n\\","<script src=\"assets.test.js\"></script>\\n\\","<!-- utility2-comment\\n\\","{{/if isRollup}}\\n\\","utility2-comment -->\\n\\","<div class=\"utility2FooterDiv\">\\n\\","    [ this app was created with\\n\\","    <a href=\"https://github.com/kaizhu256/node-utility2\" target=\"_blank\">utility2</a>\\n\\","    ]\\n\\","</div>\\n\\","</body>\\n\\","</html>\\n\\","';","        /* jslint-ignore-end */","        if (local.templateRender) {","            local.assetsDict['/'] = local.templateRender(","                local.assetsDict['/assets.index.template.html'],","                {","                    env: local.objectSetDefault(local.env, {","                        npm_package_description: 'the greatest app in the world!',","                        npm_package_name: 'my-app',","                        npm_package_nameAlias: 'my_app',","                        npm_package_version: '0.0.1'","                    })","                }","            );","        } else {","            local.assetsDict['/'] = local.assetsDict['/assets.index.template.html']","                .replace((/\\{\\{env\\.(\\w+?)\\}\\}/g), function (match0, match1) {","                    // jslint-hack","                    String(match0);","                    switch (match1) {","                    case 'npm_package_description':","                        return 'the greatest app in the world!';","                    case 'npm_package_name':","                        return 'my-app';","                    case 'npm_package_nameAlias':","                        return 'my_app';","                    case 'npm_package_version':","                        return '0.0.1';","                    }","                });","        }","        // run the cli","        if (local.global.utility2_rollup || module !== require.main) {","            break;","        }","        local.assetsDict['/assets.example.js'] =","            local.assetsDict['/assets.example.js'] ||","            local.fs.readFileSync(__filename, 'utf8');","        // bug-workaround - long $npm_package_buildCustomOrg","        /* jslint-ignore-begin */","        local.assetsDict['/assets.npmtest_phantomas.rollup.js'] =","            local.assetsDict['/assets.npmtest_phantomas.rollup.js'] ||","            local.fs.readFileSync(","                local.npmtest_phantomas.__dirname + '/lib.npmtest_phantomas.js',","                'utf8'","            ).replace((/^#!/), '//');","        /* jslint-ignore-end */","        local.assetsDict['/favicon.ico'] = local.assetsDict['/favicon.ico'] || '';","        // if $npm_config_timeout_exit exists,","        // then exit this process after $npm_config_timeout_exit ms","        if (Number(process.env.npm_config_timeout_exit)) {","            setTimeout(process.exit, Number(process.env.npm_config_timeout_exit));","        }","        // start server","        if (local.global.utility2_serverHttp1) {","            break;","        }","        process.env.PORT = process.env.PORT || '8081';","        console.error('server starting on port ' + process.env.PORT);","        local.http.createServer(function (request, response) {","            request.urlParsed = local.url.parse(request.url);","            if (local.assetsDict[request.urlParsed.pathname] !== undefined) {","                response.end(local.assetsDict[request.urlParsed.pathname]);","                return;","            }","            response.statusCode = 404;","            response.end();","        }).listen(process.env.PORT);","        break;","    }","}());",""],"l":{"26":2,"28":2,"33":2,"35":2,"37":2,"38":2,"39":2,"44":1,"51":2,"55":2,"59":2,"61":2,"69":1,"70":2,"76":2,"79":2,"82":2,"83":2,"85":1,"89":2,"92":1,"93":1,"94":1,"96":1,"97":1,"100":1,"101":1,"103":1,"106":1,"108":2,"114":1,"116":1,"118":1,"123":1,"124":2,"125":2,"126":3,"127":3,"128":3,"129":3,"130":1,"133":3,"134":3,"139":3,"143":1,"144":3,"145":1,"149":1,"150":1,"158":1,"160":1,"161":1,"162":1,"164":1,"166":1,"258":1,"259":1,"271":1,"274":6,"275":6,"277":1,"279":2,"281":1,"283":2,"288":1,"289":1,"291":1,"296":1,"303":1,"306":1,"307":1,"310":1,"311":1,"313":1,"314":1,"315":1,"316":1,"317":1,"318":1,"319":1,"321":1,"322":1,"324":1}},"/home/travis/build/npmtest/node-npmtest-phantomas/node_modules/phantomas/lib/index.js":{"path":"/home/travis/build/npmtest/node-npmtest-phantomas/node_modules/phantomas/lib/index.js","s":{"1":1,"2":1,"3":1,"4":1,"5":1,"6":1,"7":1,"8":0,"9":0,"10":1,"11":1,"12":1,"13":1,"14":1,"15":1,"16":1,"17":1,"18":1,"19":1,"20":1,"21":1,"22":1,"23":1,"24":0,"25":1,"26":1,"27":1,"28":1,"29":2,"30":1,"31":0,"32":1,"33":0,"34":0,"35":1,"36":1,"37":0,"38":0,"39":1,"40":0,"41":0,"42":0,"43":0,"44":0,"45":0,"46":0,"47":0,"48":0,"49":0,"50":1,"51":0,"52":1,"53":1,"54":0,"55":0,"56":0,"57":1,"58":1,"59":1,"60":0,"61":0,"62":1,"63":1,"64":1,"65":1,"66":1,"67":1,"68":1,"69":0,"70":1,"71":1,"72":1,"73":0,"74":0,"75":0,"76":1,"77":1,"78":0,"79":1,"80":1,"81":1,"82":1,"83":1,"84":1,"85":0,"86":0,"87":1,"88":1,"89":1,"90":1,"91":1,"92":1,"93":1,"94":1,"95":1,"96":1},"b":{"1":[0,1],"2":[1,0],"3":[1,1,1],"4":[0,1],"5":[0,0],"6":[0,0],"7":[0,1],"8":[1,0],"9":[0,1],"10":[0,1],"11":[1,0],"12":[0,1],"13":[1,0],"14":[0,1],"15":[1,0]},"f":{"1":1,"2":1,"3":0,"4":2,"5":0,"6":0,"7":0,"8":0,"9":0,"10":0,"11":0,"12":0,"13":1},"fnMap":{"1":{"name":"getTmpDir","line":19,"loc":{"start":{"line":19,"column":0},"end":{"line":19,"column":21}}},"2":{"name":"phantomas","line":32,"loc":{"start":{"line":32,"column":0},"end":{"line":32,"column":40}}},"3":{"name":"(anonymous_3)","line":73,"loc":{"start":{"line":73,"column":18},"end":{"line":73,"column":32}}},"4":{"name":"(anonymous_4)","line":88,"loc":{"start":{"line":88,"column":19},"end":{"line":88,"column":30}}},"5":{"name":"(anonymous_5)","line":92,"loc":{"start":{"line":92,"column":15},"end":{"line":92,"column":29}}},"6":{"name":"(anonymous_6)","line":97,"loc":{"start":{"line":97,"column":24},"end":{"line":97,"column":39}}},"7":{"name":"(anonymous_7)","line":108,"loc":{"start":{"line":108,"column":20},"end":{"line":108,"column":44}}},"8":{"name":"(anonymous_8)","line":123,"loc":{"start":{"line":123,"column":29},"end":{"line":123,"column":40}}},"9":{"name":"(anonymous_9)","line":127,"loc":{"start":{"line":127,"column":21},"end":{"line":127,"column":35}}},"10":{"name":"(anonymous_10)","line":133,"loc":{"start":{"line":133,"column":17},"end":{"line":133,"column":32}}},"11":{"name":"(anonymous_11)","line":140,"loc":{"start":{"line":140,"column":16},"end":{"line":140,"column":30}}},"12":{"name":"(anonymous_12)","line":146,"loc":{"start":{"line":146,"column":16},"end":{"line":146,"column":36}}},"13":{"name":"(anonymous_13)","line":154,"loc":{"start":{"line":154,"column":18},"end":{"line":154,"column":33}}}},"statementMap":{"1":{"start":{"line":6,"column":0},"end":{"line":14,"column":43}},"2":{"start":{"line":19,"column":0},"end":{"line":25,"column":1}},"3":{"start":{"line":20,"column":1},"end":{"line":21,"column":35}},"4":{"start":{"line":24,"column":1},"end":{"line":24,"column":44}},"5":{"start":{"line":32,"column":0},"end":{"line":233,"column":1}},"6":{"start":{"line":33,"column":1},"end":{"line":40,"column":10}},"7":{"start":{"line":43,"column":1},"end":{"line":46,"column":2}},"8":{"start":{"line":44,"column":2},"end":{"line":44,"column":18}},"9":{"start":{"line":45,"column":2},"end":{"line":45,"column":12}},"10":{"start":{"line":48,"column":1},"end":{"line":48,"column":37}},"11":{"start":{"line":49,"column":1},"end":{"line":49,"column":65}},"12":{"start":{"line":50,"column":1},"end":{"line":50,"column":25}},"13":{"start":{"line":51,"column":1},"end":{"line":51,"column":44}},"14":{"start":{"line":54,"column":1},"end":{"line":54,"column":40}},"15":{"start":{"line":55,"column":1},"end":{"line":55,"column":43}},"16":{"start":{"line":59,"column":1},"end":{"line":59,"column":22}},"17":{"start":{"line":60,"column":1},"end":{"line":60,"column":40}},"18":{"start":{"line":63,"column":1},"end":{"line":63,"column":62}},"19":{"start":{"line":65,"column":1},"end":{"line":65,"column":39}},"20":{"start":{"line":68,"column":1},"end":{"line":68,"column":31}},"21":{"start":{"line":69,"column":1},"end":{"line":69,"column":61}},"22":{"start":{"line":71,"column":1},"end":{"line":71,"column":41}},"23":{"start":{"line":73,"column":1},"end":{"line":75,"column":4}},"24":{"start":{"line":74,"column":2},"end":{"line":74,"column":26}},"25":{"start":{"line":83,"column":1},"end":{"line":83,"column":46}},"26":{"start":{"line":84,"column":1},"end":{"line":84,"column":29}},"27":{"start":{"line":87,"column":1},"end":{"line":87,"column":39}},"28":{"start":{"line":88,"column":1},"end":{"line":90,"column":3}},"29":{"start":{"line":89,"column":2},"end":{"line":89,"column":14}},"30":{"start":{"line":92,"column":1},"end":{"line":94,"column":4}},"31":{"start":{"line":93,"column":2},"end":{"line":93,"column":29}},"32":{"start":{"line":97,"column":1},"end":{"line":103,"column":4}},"33":{"start":{"line":98,"column":2},"end":{"line":100,"column":9}},"34":{"start":{"line":102,"column":2},"end":{"line":102,"column":41}},"35":{"start":{"line":106,"column":1},"end":{"line":106,"column":60}},"36":{"start":{"line":108,"column":1},"end":{"line":111,"column":4}},"37":{"start":{"line":109,"column":2},"end":{"line":109,"column":45}},"38":{"start":{"line":110,"column":2},"end":{"line":110,"column":34}},"39":{"start":{"line":115,"column":1},"end":{"line":137,"column":2}},"40":{"start":{"line":116,"column":2},"end":{"line":117,"column":31}},"41":{"start":{"line":120,"column":2},"end":{"line":120,"column":53}},"42":{"start":{"line":122,"column":2},"end":{"line":122,"column":28}},"43":{"start":{"line":123,"column":2},"end":{"line":125,"column":5}},"44":{"start":{"line":124,"column":3},"end":{"line":124,"column":29}},"45":{"start":{"line":127,"column":2},"end":{"line":131,"column":5}},"46":{"start":{"line":128,"column":3},"end":{"line":128,"column":34}},"47":{"start":{"line":130,"column":3},"end":{"line":130,"column":54}},"48":{"start":{"line":133,"column":2},"end":{"line":136,"column":5}},"49":{"start":{"line":135,"column":3},"end":{"line":135,"column":45}},"50":{"start":{"line":140,"column":1},"end":{"line":142,"column":4}},"51":{"start":{"line":141,"column":2},"end":{"line":141,"column":13}},"52":{"start":{"line":145,"column":1},"end":{"line":145,"column":18}},"53":{"start":{"line":146,"column":1},"end":{"line":151,"column":4}},"54":{"start":{"line":147,"column":2},"end":{"line":150,"column":3}},"55":{"start":{"line":148,"column":3},"end":{"line":148,"column":19}},"56":{"start":{"line":149,"column":3},"end":{"line":149,"column":61}},"57":{"start":{"line":154,"column":1},"end":{"line":223,"column":4}},"58":{"start":{"line":155,"column":2},"end":{"line":157,"column":11}},"59":{"start":{"line":160,"column":2},"end":{"line":163,"column":3}},"60":{"start":{"line":161,"column":3},"end":{"line":161,"column":14}},"61":{"start":{"line":162,"column":3},"end":{"line":162,"column":77}},"62":{"start":{"line":166,"column":2},"end":{"line":166,"column":26}},"63":{"start":{"line":168,"column":2},"end":{"line":168,"column":43}},"64":{"start":{"line":171,"column":2},"end":{"line":183,"column":3}},"65":{"start":{"line":172,"column":3},"end":{"line":172,"column":27}},"66":{"start":{"line":174,"column":3},"end":{"line":174,"column":57}},"67":{"start":{"line":175,"column":3},"end":{"line":175,"column":24}},"68":{"start":{"line":178,"column":3},"end":{"line":180,"column":4}},"69":{"start":{"line":179,"column":4},"end":{"line":179,"column":15}},"70":{"start":{"line":182,"column":3},"end":{"line":182,"column":87}},"71":{"start":{"line":186,"column":2},"end":{"line":186,"column":24}},"72":{"start":{"line":188,"column":2},"end":{"line":194,"column":3}},"73":{"start":{"line":189,"column":3},"end":{"line":189,"column":29}},"74":{"start":{"line":192,"column":3},"end":{"line":192,"column":51}},"75":{"start":{"line":193,"column":3},"end":{"line":193,"column":35}},"76":{"start":{"line":196,"column":2},"end":{"line":200,"column":3}},"77":{"start":{"line":197,"column":3},"end":{"line":199,"column":4}},"78":{"start":{"line":198,"column":4},"end":{"line":198,"column":31}},"79":{"start":{"line":202,"column":2},"end":{"line":205,"column":3}},"80":{"start":{"line":203,"column":3},"end":{"line":203,"column":49}},"81":{"start":{"line":204,"column":3},"end":{"line":204,"column":32}},"82":{"start":{"line":208,"column":2},"end":{"line":222,"column":3}},"83":{"start":{"line":209,"column":3},"end":{"line":209,"column":56}},"84":{"start":{"line":210,"column":3},"end":{"line":214,"column":6}},"85":{"start":{"line":216,"column":3},"end":{"line":216,"column":56}},"86":{"start":{"line":217,"column":3},"end":{"line":221,"column":6}},"87":{"start":{"line":225,"column":1},"end":{"line":225,"column":32}},"88":{"start":{"line":227,"column":1},"end":{"line":227,"column":24}},"89":{"start":{"line":228,"column":1},"end":{"line":228,"column":30}},"90":{"start":{"line":229,"column":1},"end":{"line":229,"column":28}},"91":{"start":{"line":230,"column":1},"end":{"line":230,"column":37}},"92":{"start":{"line":232,"column":1},"end":{"line":232,"column":16}},"93":{"start":{"line":235,"column":0},"end":{"line":235,"column":68}},"94":{"start":{"line":236,"column":0},"end":{"line":236,"column":51}},"95":{"start":{"line":237,"column":0},"end":{"line":237,"column":28}},"96":{"start":{"line":239,"column":0},"end":{"line":239,"column":27}}},"branchMap":{"1":{"line":43,"type":"if","locations":[{"start":{"line":43,"column":1},"end":{"line":43,"column":1}},{"start":{"line":43,"column":1},"end":{"line":43,"column":1}}]},"2":{"line":54,"type":"binary-expr","locations":[{"start":{"line":54,"column":28},"end":{"line":54,"column":32}},{"start":{"line":54,"column":36},"end":{"line":54,"column":38}}]},"3":{"line":55,"type":"binary-expr","locations":[{"start":{"line":55,"column":15},"end":{"line":55,"column":26}},{"start":{"line":55,"column":30},"end":{"line":55,"column":33}},{"start":{"line":55,"column":37},"end":{"line":55,"column":42}}]},"4":{"line":115,"type":"if","locations":[{"start":{"line":115,"column":1},"end":{"line":115,"column":1}},{"start":{"line":115,"column":1},"end":{"line":115,"column":1}}]},"5":{"line":147,"type":"if","locations":[{"start":{"line":147,"column":2},"end":{"line":147,"column":2}},{"start":{"line":147,"column":2},"end":{"line":147,"column":2}}]},"6":{"line":147,"type":"binary-expr","locations":[{"start":{"line":147,"column":7},"end":{"line":147,"column":15}},{"start":{"line":147,"column":21},"end":{"line":147,"column":44}}]},"7":{"line":160,"type":"if","locations":[{"start":{"line":160,"column":2},"end":{"line":160,"column":2}},{"start":{"line":160,"column":2},"end":{"line":160,"column":2}}]},"8":{"line":166,"type":"binary-expr","locations":[{"start":{"line":166,"column":9},"end":{"line":166,"column":13}},{"start":{"line":166,"column":17},"end":{"line":166,"column":25}}]},"9":{"line":178,"type":"if","locations":[{"start":{"line":178,"column":3},"end":{"line":178,"column":3}},{"start":{"line":178,"column":3},"end":{"line":178,"column":3}}]},"10":{"line":188,"type":"if","locations":[{"start":{"line":188,"column":2},"end":{"line":188,"column":2}},{"start":{"line":188,"column":2},"end":{"line":188,"column":2}}]},"11":{"line":196,"type":"if","locations":[{"start":{"line":196,"column":2},"end":{"line":196,"column":2}},{"start":{"line":196,"column":2},"end":{"line":196,"column":2}}]},"12":{"line":197,"type":"if","locations":[{"start":{"line":197,"column":3},"end":{"line":197,"column":3}},{"start":{"line":197,"column":3},"end":{"line":197,"column":3}}]},"13":{"line":202,"type":"if","locations":[{"start":{"line":202,"column":2},"end":{"line":202,"column":2}},{"start":{"line":202,"column":2},"end":{"line":202,"column":2}}]},"14":{"line":203,"type":"cond-expr","locations":[{"start":{"line":203,"column":26},"end":{"line":203,"column":30}},{"start":{"line":203,"column":33},"end":{"line":203,"column":48}}]},"15":{"line":208,"type":"if","locations":[{"start":{"line":208,"column":2},"end":{"line":208,"column":2}},{"start":{"line":208,"column":2},"end":{"line":208,"column":2}}]}},"code":["/**"," * phantomas CommonJS module"," */","'use strict';","","var debug = require('debug')('phantomas'),","\temitter = require('events').EventEmitter,","\tEngines = require('./engines'),","\tnet = require('net'),","\tpath = require('path'),","\tQ = require('q'),","\tStream = require('stream'),","\tutil = require('util'),","\tVERSION = require('./../package').version;","","/**"," * Return temporary directory for the current phantomas run"," */","function getTmpDir() {","\tvar tmpdir = require('os').tmpdir(),","\t\tuuid = require('node-uuid').v4();","","\t// example: /tmp/phantomas/58aea8b5-2c97-48ee-9885-fcd81d38561f/","\treturn tmpdir + '/phantomas/' + uuid + '/';","}","","/**"," * Main CommonJS module entry point"," *"," * FIXME: split into seperate functions"," */","function phantomas(url, opts, callback) {","\tvar engineArgs = [],","\t\tdeferred = Q.defer(),","\t\tevents = new emitter(),","\t\tproc,","\t\tengine,","\t\tdata = '',","\t\ttmpDir,","\t\toptions;","","\t// options can be omitted","\tif (typeof opts === 'function') {","\t\tcallback = opts;","\t\topts = {};","\t}","","\tdebug('nodejs %s', process.version);","\tdebug('phantomas v%s installed in %s', VERSION, phantomas.path);","\tdebug('URL: <%s>', url);","\tdebug('Options: %s', JSON.stringify(opts));","","\t// options handling","\toptions = util._extend({}, opts || {}); // use util._extend to avoid #563","\toptions.url = options.url || url || false;","","\t// generate unique temporary directory name","\t// and pass it to PhantomJS script as an environment variable","\ttmpDir = getTmpDir();","\tprocess.env.PHANTOMAS_TMP_DIR = tmpDir;","","\t// path to analyze-css main script (#664)","\tprocess.env.ANALYZE_CSS_BIN = require('analyze-css').pathBin;","","\tdebug('Environment: %j', process.env);","","\t// select the engine and run phantomas","\tengine = new Engines(options);","\tproc = engine.run(phantomas.path + '/scripts/phantomas.js');","","\tdebug('Spawned with pid #%d', proc.pid);","","\tproc.on('error', function(err) {","\t\tdebug('Error: %s', err);","\t});","","\t/**","\t * Set up IPC channel","\t *","\t * It will receive JSON-formatted messages from phantomjs / slimerjs process","\t * (send over stdout stream of spawned process) and emit events","\t */","\tvar ipc = new(require('./ipc'))(proc.stdout);","\tipc.setEventEmitter(events);","","\t// pipe log messages to error stream","\tvar errStream = new Stream.Readable();","\terrStream._read = function() {","\t\treturn true;","\t};","","\tipc.on('log', function(msg) {","\t\terrStream.push(msg + \"\\n\");","\t});","","\t// push raw messages from stderr (PhantomJS run in --debug=true mode) to errStream","\tproc.stderr.on('data', function(data) {","\t\tvar msg = data.toString().","\t\tsplit('[DEBUG]').pop().","\t\ttrim();","","\t\terrStream.push('Debug: ' + msg + \"\\n\");","\t});","","\t// handle loading progress","\tvar progressDebug = require('debug')('phantomas:progress');","","\tipc.on('progress', function(progress, inc) {","\t\tprogressDebug('%d% (+%d%)', progress, inc);","\t\tdeferred.notify(progress / 100);","\t});","","\t// handle --socket <UNIX IPC socket> option","\t// @see http://nodejs.org/api/net.html#net_new_net_socket_options","\tif (typeof options.socket === 'string') {","\t\tvar socket,","\t\t\tsocketName = options.socket;","","\t\t// @see http://nodejs.org/api/net.html#net_net_connect_options_connectionlistener","\t\tdebug('Using UNIX socket for IPC: %s', socketName);","","\t\tsocket = new net.Socket();","\t\tsocket.connect(socketName, function() {","\t\t\tdebug('Socket connected');","\t\t});","","\t\tsocket.on('error', function(err) {","\t\t\tdebug('Socket error: %s', err);","","\t\t\tthrow 'Socket \"' + socketName + '\" error - ' + err;","\t\t});","","\t\tipc.on('_msg', function(data) {","\t\t\t// example: [\"metric\",\"bodyHTMLSize\",75193]","\t\t\tsocket.write(JSON.stringify(data) + \"\\n\");","\t\t});","\t}","","\t// get JSON results","\tipc.on('json', function(raw) {","\t\tdata = raw;","\t});","","\t// failures handling","\tvar exitCode = 0;","\tipc.on('exit', function(code, msg) {","\t\tif ((code > 0) && (typeof msg === 'string')) {","\t\t\texitCode = code;","\t\t\terrStream.push('phantomas: (' + code + ') ' + msg + \"\\n\");","\t\t}","\t});","","\t// process results","\tproc.on('close', function(code) {","\t\tvar debug = require('debug')('phantomas:results'),","\t\t\tjson,","\t\t\tresults;","","\t\t// PhantomJS made a core dump (#382)","\t\tif (code === null) {","\t\t\tcode = 255; // EXIT_ERROR","\t\t\terrStream.push('phantomas: (' + code + ') Engine crashed unexpectedly\\n');","\t\t}","","\t\t// apply the code from 'exit' event","\t\tcode = code || exitCode;","","\t\tdebug('Process returned code #%d', code);","","\t\t// (try to) parse to JSON","\t\ttry {","\t\t\tjson = JSON.parse(data);","\t\t} catch (ex) {","\t\t\tdebug('Error when parsing JSON (%s): \"%s\"', ex, data);","\t\t\terrStream.push(data);","","\t\t\t// Return EXIT_ERROR when JSON can not be parsed (and there was no error earlier)","\t\t\tif (code < 250) {","\t\t\t\tcode = 255;","\t\t\t}","","\t\t\terrStream.push('phantomas: (' + code + ') Failed to parse JSON with the results\\n');","\t\t}","","\t\t// finish the readable stream","\t\terrStream.emit('end');","","\t\tif (typeof json !== 'undefined') {","\t\t\tevents.emit('data', json);","","\t\t\t// wrap JSON data into results object","\t\t\tresults = new(require('../core/results'))(json);","\t\t\tevents.emit('results', results);","\t\t}","","\t\tif (code > 0) {","\t\t\tif (events.listeners('error').length > 0) {","\t\t\t\tevents.emit('error', code);","\t\t\t}","\t\t}","","\t\tif (typeof callback === 'function') {","\t\t\tvar err = code === 0 ? null : new Error(code);","\t\t\tcallback(err, json, results);","\t\t}","","\t\t// either reject or resolve the promise","\t\tif (code > 250) {","\t\t\tdebug('Rejecting a promise with %d exit code', code);","\t\t\tdeferred.reject({","\t\t\t\tcode: code,","\t\t\t\tjson: json,","\t\t\t\tresults: results","\t\t\t});","\t\t} else {","\t\t\tdebug('Resolving a promise with %d exit code', code);","\t\t\tdeferred.resolve({","\t\t\t\tcode: code,","\t\t\t\tjson: json,","\t\t\t\tresults: results","\t\t\t});","\t\t}","\t});","","\tvar promise = deferred.promise;","","\tpromise.pid = proc.pid;","\tpromise.stdout = proc.stdout;","\tpromise.stderr = errStream;","\tpromise.on = events.on.bind(events);","","\treturn promise;","}","","phantomas.metadata = require(__dirname + '/metadata/metadata.json');","phantomas.path = path.normalize(__dirname + '/..');","phantomas.version = VERSION;","","module.exports = phantomas;",""],"l":{"6":1,"19":1,"20":1,"24":1,"32":1,"33":1,"43":1,"44":0,"45":0,"48":1,"49":1,"50":1,"51":1,"54":1,"55":1,"59":1,"60":1,"63":1,"65":1,"68":1,"69":1,"71":1,"73":1,"74":0,"83":1,"84":1,"87":1,"88":1,"89":2,"92":1,"93":0,"97":1,"98":0,"102":0,"106":1,"108":1,"109":0,"110":0,"115":1,"116":0,"120":0,"122":0,"123":0,"124":0,"127":0,"128":0,"130":0,"133":0,"135":0,"140":1,"141":0,"145":1,"146":1,"147":0,"148":0,"149":0,"154":1,"155":1,"160":1,"161":0,"162":0,"166":1,"168":1,"171":1,"172":1,"174":1,"175":1,"178":1,"179":0,"182":1,"186":1,"188":1,"189":0,"192":0,"193":0,"196":1,"197":1,"198":0,"202":1,"203":1,"204":1,"208":1,"209":1,"210":1,"216":0,"217":0,"225":1,"227":1,"228":1,"229":1,"230":1,"232":1,"235":1,"236":1,"237":1,"239":1}},"/home/travis/build/npmtest/node-npmtest-phantomas/node_modules/phantomas/lib/engines.js":{"path":"/home/travis/build/npmtest/node-npmtest-phantomas/node_modules/phantomas/lib/engines.js","s":{"1":1,"2":1,"3":1,"4":1,"5":1,"6":1,"7":1,"8":2,"9":2,"10":2,"11":2,"12":2,"13":0,"14":1,"15":1,"16":1,"17":1,"18":1,"19":1,"20":1,"21":0,"22":0,"23":0,"24":1,"25":0,"26":0,"27":0,"28":1,"29":2,"30":0,"31":1,"32":1,"33":1,"34":1,"35":25,"36":25,"37":18,"38":7,"39":2,"40":1,"41":1,"42":1,"43":1,"44":1,"45":1,"46":1,"47":0,"48":0,"49":1,"50":1,"51":1},"b":{"1":[0,1],"2":[0,1],"3":[0,0],"4":[0,1],"5":[0,0],"6":[0,2],"7":[1,0],"8":[18,7],"9":[2,5],"10":[0,1]},"f":{"1":1,"2":2,"3":1,"4":1,"5":1,"6":2,"7":25},"fnMap":{"1":{"name":"engines","line":10,"loc":{"start":{"line":10,"column":0},"end":{"line":10,"column":26}}},"2":{"name":"(anonymous_2)","line":26,"loc":{"start":{"line":26,"column":35},"end":{"line":26,"column":56}}},"3":{"name":"(anonymous_3)","line":39,"loc":{"start":{"line":39,"column":31},"end":{"line":39,"column":42}}},"4":{"name":"(anonymous_4)","line":43,"loc":{"start":{"line":43,"column":30},"end":{"line":43,"column":47}}},"5":{"name":"(anonymous_5)","line":47,"loc":{"start":{"line":47,"column":24},"end":{"line":47,"column":45}}},"6":{"name":"(anonymous_6)","line":70,"loc":{"start":{"line":70,"column":18},"end":{"line":70,"column":32}}},"7":{"name":"(anonymous_7)","line":85,"loc":{"start":{"line":85,"column":35},"end":{"line":85,"column":49}}}},"statementMap":{"1":{"start":{"line":6,"column":0},"end":{"line":8,"column":41}},"2":{"start":{"line":10,"column":0},"end":{"line":24,"column":1}},"3":{"start":{"line":12,"column":1},"end":{"line":12,"column":24}},"4":{"start":{"line":15,"column":1},"end":{"line":15,"column":71}},"5":{"start":{"line":18,"column":1},"end":{"line":18,"column":19}},"6":{"start":{"line":19,"column":1},"end":{"line":23,"column":38}},"7":{"start":{"line":26,"column":0},"end":{"line":37,"column":2}},"8":{"start":{"line":27,"column":1},"end":{"line":27,"column":9}},"9":{"start":{"line":29,"column":1},"end":{"line":36,"column":2}},"10":{"start":{"line":30,"column":2},"end":{"line":30,"column":43}},"11":{"start":{"line":31,"column":2},"end":{"line":31,"column":33}},"12":{"start":{"line":33,"column":2},"end":{"line":33,"column":92}},"13":{"start":{"line":35,"column":2},"end":{"line":35,"column":62}},"14":{"start":{"line":39,"column":0},"end":{"line":41,"column":2}},"15":{"start":{"line":40,"column":1},"end":{"line":40,"column":34}},"16":{"start":{"line":43,"column":0},"end":{"line":45,"column":2}},"17":{"start":{"line":44,"column":1},"end":{"line":44,"column":29}},"18":{"start":{"line":47,"column":0},"end":{"line":131,"column":2}},"19":{"start":{"line":49,"column":1},"end":{"line":50,"column":38}},"20":{"start":{"line":53,"column":1},"end":{"line":75,"column":2}},"21":{"start":{"line":54,"column":2},"end":{"line":54,"column":47}},"22":{"start":{"line":56,"column":2},"end":{"line":58,"column":3}},"23":{"start":{"line":57,"column":3},"end":{"line":57,"column":59}},"24":{"start":{"line":61,"column":6},"end":{"line":75,"column":2}},"25":{"start":{"line":62,"column":2},"end":{"line":62,"column":56}},"26":{"start":{"line":64,"column":2},"end":{"line":66,"column":3}},"27":{"start":{"line":65,"column":3},"end":{"line":65,"column":68}},"28":{"start":{"line":70,"column":2},"end":{"line":74,"column":11}},"29":{"start":{"line":71,"column":3},"end":{"line":73,"column":4}},"30":{"start":{"line":72,"column":4},"end":{"line":72,"column":33}},"31":{"start":{"line":78,"column":1},"end":{"line":80,"column":2}},"32":{"start":{"line":79,"column":2},"end":{"line":79,"column":138}},"33":{"start":{"line":83,"column":1},"end":{"line":83,"column":21}},"34":{"start":{"line":85,"column":1},"end":{"line":106,"column":10}},"35":{"start":{"line":86,"column":2},"end":{"line":95,"column":5}},"36":{"start":{"line":97,"column":2},"end":{"line":99,"column":3}},"37":{"start":{"line":98,"column":3},"end":{"line":98,"column":10}},"38":{"start":{"line":103,"column":2},"end":{"line":105,"column":3}},"39":{"start":{"line":104,"column":3},"end":{"line":104,"column":43}},"40":{"start":{"line":108,"column":1},"end":{"line":108,"column":57}},"41":{"start":{"line":109,"column":1},"end":{"line":109,"column":54}},"42":{"start":{"line":110,"column":1},"end":{"line":110,"column":49}},"43":{"start":{"line":113,"column":1},"end":{"line":113,"column":29}},"44":{"start":{"line":116,"column":1},"end":{"line":116,"column":47}},"45":{"start":{"line":119,"column":1},"end":{"line":119,"column":10}},"46":{"start":{"line":121,"column":1},"end":{"line":128,"column":2}},"47":{"start":{"line":122,"column":2},"end":{"line":122,"column":39}},"48":{"start":{"line":123,"column":2},"end":{"line":123,"column":47}},"49":{"start":{"line":125,"column":2},"end":{"line":127,"column":5}},"50":{"start":{"line":130,"column":1},"end":{"line":130,"column":13}},"51":{"start":{"line":134,"column":0},"end":{"line":134,"column":25}}},"branchMap":{"1":{"line":15,"type":"cond-expr","locations":[{"start":{"line":15,"column":54},"end":{"line":15,"column":60}},{"start":{"line":15,"column":63},"end":{"line":15,"column":70}}]},"2":{"line":53,"type":"if","locations":[{"start":{"line":53,"column":1},"end":{"line":53,"column":1}},{"start":{"line":53,"column":1},"end":{"line":53,"column":1}}]},"3":{"line":56,"type":"if","locations":[{"start":{"line":56,"column":2},"end":{"line":56,"column":2}},{"start":{"line":56,"column":2},"end":{"line":56,"column":2}}]},"4":{"line":61,"type":"if","locations":[{"start":{"line":61,"column":6},"end":{"line":61,"column":6}},{"start":{"line":61,"column":6},"end":{"line":61,"column":6}}]},"5":{"line":64,"type":"if","locations":[{"start":{"line":64,"column":2},"end":{"line":64,"column":2}},{"start":{"line":64,"column":2},"end":{"line":64,"column":2}}]},"6":{"line":71,"type":"if","locations":[{"start":{"line":71,"column":3},"end":{"line":71,"column":3}},{"start":{"line":71,"column":3},"end":{"line":71,"column":3}}]},"7":{"line":78,"type":"if","locations":[{"start":{"line":78,"column":1},"end":{"line":78,"column":1}},{"start":{"line":78,"column":1},"end":{"line":78,"column":1}}]},"8":{"line":97,"type":"if","locations":[{"start":{"line":97,"column":2},"end":{"line":97,"column":2}},{"start":{"line":97,"column":2},"end":{"line":97,"column":2}}]},"9":{"line":103,"type":"if","locations":[{"start":{"line":103,"column":2},"end":{"line":103,"column":2}},{"start":{"line":103,"column":2},"end":{"line":103,"column":2}}]},"10":{"line":121,"type":"if","locations":[{"start":{"line":121,"column":1},"end":{"line":121,"column":1}},{"start":{"line":121,"column":1},"end":{"line":121,"column":1}}]}},"code":["/**"," * Provides abstractor layer for using different engines to run phantomas"," */","'use strict';","","var debug = require('debug')('phantomas:engines'),","\tspawn = require('child_process').spawn,","\tVERSION = require('../package').version;","","function engines(options) {","\t/* jshint validthis: true */","\tthis.options = options;","","\t//--debug can be either 'true' or 'false'","\tthis.options.debug = (this.options.debug === true) ? 'true' : 'false';","","\t// engines storage","\tthis.engines = {};","\t[","\t\t// the first one is a default one","\t\t'webkit',","\t\t'gecko'","\t].forEach(this.registerEngine, this);","}","","engines.prototype.registerEngine = function(engineName) {","\tvar def;","","\ttry {","\t\tdef = require('./engines/' + engineName);","\t\tthis.engines[engineName] = def;","","\t\tdebug('Engine \"%s\": %s v%s installed in %s', engineName, def.name, def.version, def.path);","\t} catch (ex) {","\t\tdebug('Engine \"%s\": failed to import - %s', engineName, ex);","\t}","};","","engines.prototype.getEngines = function() {","\treturn Object.keys(this.engines);","};","","engines.prototype.getEngine = function(engine) {","\treturn this.engines[engine];","};","","engines.prototype.run = function(scriptFile) {","\t// select the engine","\tvar engines = this.getEngines(),","\t\tengine = this.getEngine(engines[0]);","","\t// --engine=[gecko|webkit]","\tif (typeof this.options.engine === 'string') {","\t\tengine = this.getEngine(this.options.engine);","","\t\tif (typeof engine === 'undefined') {","\t\t\tthrow 'Engine \"' + this.options.engine + '\" not found!';","\t\t}","\t}","\t// PHANTOMAS_ENGINE=gecko phantomas \"http://example.com\"","\telse if (typeof process.env.PHANTOMAS_ENGINE === 'string') {","\t\tengine = this.getEngine(process.env.PHANTOMAS_ENGINE);","","\t\tif (typeof engine === 'undefined') {","\t\t\tthrow 'Engine \"' + process.env.PHANTOMAS_ENGINE + '\" not found!';","\t\t}","\t}","\t// --gecko / --webkit","\telse {","\t\tengines.forEach(function(key) {","\t\t\tif (this.options[key] === true) {","\t\t\t\tengine = this.getEngine(key);","\t\t\t}","\t\t}, this);","\t}","","\t// customize user agent","\tif (typeof this.options['user-agent'] === 'undefined') {","\t\tthis.options['user-agent'] = \"phantomas/\" + VERSION + \" (\" + engine.getUserAgent() + \"; \" + process.platform + \" \" + process.arch + \")\";","\t}","","\t// build engine specific command-line arguments","\tvar engineArgs = [];","","\tObject.keys(this.options).forEach(function(key) {","\t\tvar val = this.options[key],","\t\t\tnativeOptions = [","\t\t\t\t'cookies-file',","\t\t\t\t'debug',","\t\t\t\t'ignore-ssl-errors',","\t\t\t\t'ssl-protocol',","\t\t\t\t'proxy',","\t\t\t\t'proxy-auth',","\t\t\t\t'proxy-type'","\t\t\t];","","\t\tif (val === false) {","\t\t\treturn;","\t\t}","","\t\t// handle native PhantomJS options (#163)","\t\t// @see http://phantomjs.org/api/command-line.html","\t\tif (nativeOptions.indexOf(key) > -1) {","\t\t\tengineArgs.push('--' + key + '=' + val);","\t\t}","\t}, this);","","\tdebug('Running %s (using %s)', scriptFile, engine.name);","\tdebug('Passing phantomas options: %j', this.options);","\tdebug('Passing engine options: %j', engineArgs);","","\t// add a script to run","\tengineArgs.push(scriptFile);","","\t// pass JSON encoded options","\tengineArgs.push(JSON.stringify(this.options));","","\t// spawn the process","\tvar proc;","","\tif (typeof engine.spawn === 'function') {","\t\tdebug('Using custom spawn function');","\t\tproc = engine.spawn(engine.path, engineArgs);","\t} else {","\t\tproc = spawn(engine.path, engineArgs, {","\t\t\tenv: process.env","\t\t});","\t}","","\treturn proc;","};","","// public API","module.exports = engines;",""],"l":{"6":1,"10":1,"12":1,"15":1,"18":1,"19":1,"26":1,"27":2,"29":2,"30":2,"31":2,"33":2,"35":0,"39":1,"40":1,"43":1,"44":1,"47":1,"49":1,"53":1,"54":0,"56":0,"57":0,"61":1,"62":0,"64":0,"65":0,"70":1,"71":2,"72":0,"78":1,"79":1,"83":1,"85":1,"86":25,"97":25,"98":18,"103":7,"104":2,"108":1,"109":1,"110":1,"113":1,"116":1,"119":1,"
[...]
":{"line":220,"column":38}},{"start":{"line":221,"column":8},"end":{"line":221,"column":39}},{"start":{"line":222,"column":8},"end":{"line":222,"column":29}},{"start":{"line":223,"column":8},"end":{"line":223,"column":24}},{"start":{"line":224,"column":8},"end":{"line":231,"column":15}},{"start":{"line":233,"column":8},"end":{"line":243,"column":15}},{"start":{"line":245,"column":8},"end":{"line":245,"column":28}},{"start":{"line":246,"column":8},"end":{"line":249,"column":15}},{"start":{"line":251,"column":8},"end":{"line":252,"column":92}}]},"19":{"line":204,"type":"if","locations":[{"start":{"line":204,"column":9},"end":{"line":204,"column":9}},{"start":{"line":204,"column":9},"end":{"line":204,"column":9}}]},"20":{"line":228,"type":"if","locations":[{"start":{"line":228,"column":9},"end":{"line":228,"column":9}},{"start":{"line":228,"column":9},"end":{"line":228,"column":9}}]},"21":{"line":234,"type":"binary-expr","locations":[{"start":{"line":234,"column":20},"end":{"line":234,"column":29}},{"start":{"line":234,"column":33},"end":{"line":234,"column":35}}]},"22":{"line":236,"type":"switch","locations":[{"start":{"line":238,"column":10},"end":{"line":241,"column":17}}]},"23":{"line":258,"type":"if","locations":[{"start":{"line":258,"column":7},"end":{"line":258,"column":7}},{"start":{"line":258,"column":7},"end":{"line":258,"column":7}}]},"24":{"line":273,"type":"binary-expr","locations":[{"start":{"line":273,"column":19},"end":{"line":273,"column":29}},{"start":{"line":273,"column":33},"end":{"line":273,"column":36}}]},"25":{"line":276,"type":"switch","locations":[{"start":{"line":277,"column":5},"end":{"line":277,"column":14}},{"start":{"line":278,"column":5},"end":{"line":278,"column":14}},{"start":{"line":279,"column":5},"end":{"line":281,"column":12}},{"start":{"line":283,"column":5},"end":{"line":286,"column":12}}]},"26":{"line":291,"type":"if","locations":[{"start":{"line":291,"column":4},"end":{"line":291,"column":4}},{"start":{"line":291,"column":4},"end":{"line":291,"column":4}}]},"27":{"line":297,"type":"if","locations":[{"start":{"line":297,"column":4},"end":{"line":297,"column":4}},{"start":{"line":297,"column":4},"end":{"line":297,"column":4}}]},"28":{"line":304,"type":"if","locations":[{"start":{"line":304,"column":4},"end":{"line":304,"column":4}},{"start":{"line":304,"column":4},"end":{"line":304,"column":4}}]},"29":{"line":309,"type":"if","locations":[{"start":{"line":309,"column":4},"end":{"line":309,"column":4}},{"start":{"line":309,"column":4},"end":{"line":309,"column":4}}]},"30":{"line":314,"type":"if","locations":[{"start":{"line":314,"column":4},"end":{"line":314,"column":4}},{"start":{"line":314,"column":4},"end":{"line":314,"column":4}}]}},"code":["/**"," * Simple HTTP requests monitor and analyzer"," */","'use strict';","","exports.version = '1.2';","","exports.module = function(phantomas) {","\t// imports","\tvar HTTP_STATUS_CODES = phantomas.require('http').STATUS_CODES,","\t\tparseUrl = phantomas.require('url').parse;","","\tvar requests = [];","","\t// register metric","\tphantomas.setMetric('requests');              // @desc total number of HTTP requests made","\tphantomas.setMetric('gzipRequests');          // @desc number of gzipped HTTP responses @unreliable","\tphantomas.setMetric('postRequests');          // @desc number of POST requests","\tphantomas.setMetric('httpsRequests');         // @desc number of HTTPS requests","\tphantomas.setMetric('notFound');              // @desc number of HTTP 404 responses","\tphantomas.setMetric('bodySize');              // @desc size of the uncompressed content of all responses @unreliable","\tphantomas.setMetric('contentLength');         // @desc size of the content of all responses (based on Content-Length header) @unreliable","\tphantomas.setMetric('httpTrafficCompleted');  // @desc time it took to receive the last byte of the last HTTP response","","\t// parse given URL to get protocol and domain","\tfunction parseEntryUrl(entry) {","\t\tvar parsed;","","\t\tif (entry.url.indexOf('data:') !== 0) {","\t\t\t// @see http://nodejs.org/api/url.html#url_url","\t\t\tparsed = parseUrl(entry.url) || {};","","\t\t\tentry.protocol = parsed.protocol.replace(':', '');","\t\t\tentry.domain = parsed.hostname;","\t\t\tentry.query = parsed.query;","","\t\t\tif (entry.protocol === 'https') {","\t\t\t\tentry.isSSL = true;","\t\t\t}","\t\t}","\t\telse {","\t\t\t// base64 encoded data","\t\t\tentry.domain = false;","\t\t\tentry.protocol = false;","\t\t\tentry.isBase64 = true;","\t\t}","\t}","","\tphantomas.on('onResourceRequested', function(res, request) {","\t\t// store current request data","\t\tvar entry = requests[res.id] = {","\t\t\tid: res.id,","\t\t\turl: res.url,","\t\t\tmethod: res.method,","\t\t\trequestHeaders: {},","\t\t\tsendTime: res.time,","\t\t\tbodySize: 0,","\t\t\tisBlocked: false","\t\t};","","\t\t// allow modules to block requests","\t\tentry.block = function() {","\t\t\tthis.isBlocked = true;","\t\t};","","\t\tres.headers.forEach(function(header) {","\t\t\tentry.requestHeaders[header.name] = header.value;","\t\t});","","\t\tparseEntryUrl(entry);","","\t\tif (entry.isBase64) {","\t\t\treturn;","\t\t}","","\t\t// give modules a chance to block requests using entry.block()","\t\t// @see https://github.com/ariya/phantomjs/issues/10230","\t\tphantomas.emitInternal('beforeSend', entry, res); // @desc allows the request to be blocked","","\t\tif ( (entry.isBlocked === true) && (typeof request !== 'undefined') ) {","\t\t\tphantomas.log('Blocked request: <' + entry.url + '>');","\t\t\trequest.abort();","\t\t\treturn;","\t\t}","","\t\tphantomas.log('req: <%s>', entry.url);","","\t\tphantomas.emit('send', entry, res); // @desc request has been sent","\t});","","\tphantomas.on('onResourceReceived', function(res) {","\t\t// current request data","\t\tvar entry = requests[res.id] || {};","","\t\t// fix for blocked requests still \"emitting\" onResourceReceived with \"stage\" = 'end' and empty \"status\" (issue #122)","\t\t// or empty URL (broken in PhantomJS 2.0.1 (PR #573)","\t\tif (res.status === null || res.url === '' ) {","\t\t\tif (entry.isBlocked) {","\t\t\t\treturn;","\t\t\t} else if (!entry.isBase64) {","\t\t\t\tphantomas.log('Got a response with no status or URL set: <%s> (%j)', res.url, res);","\t\t\t\tphantomas.emitInternal('abort', entry, res); // @desc request has been blocked","\t\t\t}","\t\t}","","\t\tswitch(res.stage) {","\t\t\t// the beginning of response","\t\t\tcase 'start':","\t\t\t\tentry.recvStartTime = res.time;","\t\t\t\tentry.timeToFirstByte = res.time - entry.sendTime;","","\t\t\t\t// FIXME: buggy","\t\t\t\t// @see https://github.com/ariya/phantomjs/issues/10169","\t\t\t\tentry.bodySize = res.bodySize || 0;","\t\t\t\tbreak;","","\t\t\t// the end of response","\t\t\tcase 'end':","\t\t\t\t// SlimerJS sets res.bodySize at stage = end","\t\t\t\tentry.bodySize = entry.bodySize || res.bodySize;","","\t\t\t\t// timing","\t\t\t\tentry.recvEndTime = res.time;","\t\t\t\tentry.timeToLastByte = res.time - entry.sendTime;","\t\t\t\tentry.receiveTime = entry.recvEndTime - entry.recvStartTime;","","\t\t\t\t// issue #295","\t\t\t\tif (typeof entry.recvStartTime === 'undefined') {","\t\t\t\t\tphantomas.log('recv: \"start\" stage not registered for <%s>!', res.url);","\t\t\t\t\tentry.receiveTime = entry.recvEndTime - entry.sendTime;","\t\t\t\t}","","\t\t\t\t// request method","\t\t\t\tswitch(entry.method) {","\t\t\t\t\tcase 'POST':","\t\t\t\t\t\tphantomas.incrMetric('postRequests');","\t\t\t\t\t\tphantomas.addOffender('postRequests', entry.url);","\t\t\t\t\t\tbreak;","\t\t\t\t}","","\t\t\t\t// asset type","\t\t\t\tentry.type = 'other';","","\t\t\t\t// analyze HTTP headers","\t\t\t\tentry.headers = {};","\t\t\t\tres.headers.forEach(function(header) {","\t\t\t\t\tentry.headers[header.name] = header.value;","","\t\t\t\t\tswitch (header.name.toLowerCase()) {","\t\t\t\t\t\t// TODO: why it's not gzipped?","\t\t\t\t\t\t// because: https://github.com/ariya/phantomjs/issues/10156","\t\t\t\t\t\tcase 'content-length':","\t\t\t\t\t\t\tentry.contentLength = parseInt(header.value, 10);","","\t\t\t\t\t\t\t/**","\t\t\t\t\t\t\tif (entry.bodySize !== entry.contentLength) {","\t\t\t\t\t\t\t\tphantomas.log('%s: %j', 'bodySize vs contentLength', {url: entry.url, bodySize: entry.bodySize, contentLength: entry.contentLength});","\t\t\t\t\t\t\t}","\t\t\t\t\t\t\t**/","\t\t\t\t\t\t\tbreak;","","\t\t\t\t\t\t// detect content type","\t\t\t\t\t\tcase 'content-type':","\t\t\t\t\t\t\t// parse header value","\t\t\t\t\t\t\tvar value = header.value.split(';').shift().toLowerCase();","\t\t\t\t\t\t\tentry.contentType = value;","","\t\t\t\t\t\t\tswitch(value) {","\t\t\t\t\t\t\t\tcase 'text/html':","\t\t\t\t\t\t\t\t\tentry.type = 'html';","\t\t\t\t\t\t\t\t\tentry.isHTML = true;","\t\t\t\t\t\t\t\t\tbreak;","","\t\t\t\t\t\t\t\tcase 'text/xml':","\t\t\t\t\t\t\t\t\tentry.type = 'xml';","\t\t\t\t\t\t\t\t\tentry.isXML = true;","\t\t\t\t\t\t\t\t\tbreak;","","\t\t\t\t\t\t\t\tcase 'text/css':","\t\t\t\t\t\t\t\t\tentry.type = 'css';","\t\t\t\t\t\t\t\t\tentry.isCSS = true;","\t\t\t\t\t\t\t\t\tbreak;","","\t\t\t\t\t\t\t\tcase 'application/x-javascript':","\t\t\t\t\t\t\t\tcase 'application/javascript':","\t\t\t\t\t\t\t\tcase 'text/javascript':","\t\t\t\t\t\t\t\t\tentry.type = 'js';","\t\t\t\t\t\t\t\t\tentry.isJS = true;","\t\t\t\t\t\t\t\t\tbreak;","","\t\t\t\t\t\t\t\tcase 'application/json':","\t\t\t\t\t\t\t\t\tentry.type = 'json';","\t\t\t\t\t\t\t\t\tentry.isJSON = true;","\t\t\t\t\t\t\t\t\tbreak;","","\t\t\t\t\t\t\t\tcase 'image/png':","\t\t\t\t\t\t\t\tcase 'image/jpeg':","\t\t\t\t\t\t\t\tcase 'image/gif':","\t\t\t\t\t\t\t\tcase 'image/svg+xml':","\t\t\t\t\t\t\t\tcase 'image/webp':","\t\t\t\t\t\t\t\t\tentry.type = 'image';","\t\t\t\t\t\t\t\t\tentry.isImage = true;","","\t\t\t\t\t\t\t\t\tif (value === 'image/svg+xml') {","\t\t\t\t\t\t\t\t\t\tentry.isSVG = true;","\t\t\t\t\t\t\t\t\t}","\t\t\t\t\t\t\t\t\tbreak;","","\t\t\t\t\t\t\t\tcase 'video/webm':","\t\t\t\t\t\t\t\t\tentry.type = 'video';","\t\t\t\t\t\t\t\t\tentry.isVideo = true;","\t\t\t\t\t\t\t\t\tbreak;","","\t\t\t\t\t\t\t\t// @see http://stackoverflow.com/questions/2871655/proper-mime-type-for-fonts","\t\t\t\t\t\t\t\tcase 'application/font-wof':","\t\t\t\t\t\t\t\tcase 'application/font-woff':","\t\t\t\t\t\t\t\tcase 'application/vnd.ms-fontobject':","\t\t\t\t\t\t\t\tcase 'application/x-font-opentype':","\t\t\t\t\t\t\t\tcase 'application/x-font-truetype':","\t\t\t\t\t\t\t\tcase 'application/x-font-ttf':","\t\t\t\t\t\t\t\tcase 'application/x-font-woff':","\t\t\t\t\t\t\t\tcase 'font/opentype':","\t\t\t\t\t\t\t\tcase 'font/ttf':","\t\t\t\t\t\t\t\tcase 'font/woff':","\t\t\t\t\t\t\t\t\tentry.type = 'webfont';","\t\t\t\t\t\t\t\t\tentry.isWebFont = true;","","\t\t\t\t\t\t\t\t\tif (/ttf|truetype$/.test(value)) {","\t\t\t\t\t\t\t\t\t\tentry.isTTF = true;","\t\t\t\t\t\t\t\t\t}","\t\t\t\t\t\t\t\t\tbreak;","","\t\t\t\t\t\t\t\tcase 'application/octet-stream':","\t\t\t\t\t\t\t\t\tvar ext = (entry.url || '').split('.').pop();","","\t\t\t\t\t\t\t\t\tswitch(ext) {","\t\t\t\t\t\t\t\t\t\t// @see http://stackoverflow.com/questions/2871655/proper-mime-type-for-fonts#comment-8077637","\t\t\t\t\t\t\t\t\t\tcase 'otf':","\t\t\t\t\t\t\t\t\t\t\tentry.type = 'webfont';","\t\t\t\t\t\t\t\t\t\t\tentry.isWebFont = true;","\t\t\t\t\t\t\t\t\t\t\tbreak;","\t\t\t\t\t\t\t\t\t}","\t\t\t\t\t\t\t\t\tbreak;","","\t\t\t\t\t\t\t\tcase 'image/x-icon':","\t\t\t\t\t\t\t\tcase 'image/vnd.microsoft.icon':","\t\t\t\t\t\t\t\t\tentry.type = 'favicon';","\t\t\t\t\t\t\t\t\tentry.isFavicon = true;","\t\t\t\t\t\t\t\t\tbreak;","","\t\t\t\t\t\t\t\tdefault:","\t\t\t\t\t\t\t\t\tphantomas.log('Unknown content type found: ' + value + ' for <' + entry.url + '>');","\t\t\t\t\t\t\t}","\t\t\t\t\t\t\tbreak;","","\t\t\t\t\t\t// detect content encoding","\t\t\t\t\t\tcase 'content-encoding':","\t\t\t\t\t\t\tif (header.value === 'gzip') {","\t\t\t\t\t\t\t\tentry.gzip = true;","\t\t\t\t\t\t\t}","\t\t\t\t\t\t\tbreak;","","\t\t\t\t\t\t// detect cookies (issue #92)","\t\t\t\t\t\tcase 'set-cookie':","\t\t\t\t\t\t\tentry.hasCookies = true;","\t\t\t\t\t\t\tbreak;","\t\t\t\t\t}","\t\t\t\t});","","\t\t\t\tparseEntryUrl(entry);","","\t\t\t\t// HTTP code","\t\t\t\tentry.status = res.status || 200 /* for base64 data */;","\t\t\t\tentry.statusText = HTTP_STATUS_CODES[entry.status];","","\t\t\t\tswitch(entry.status) {","\t\t\t\t\tcase 301: // Moved Permanently","\t\t\t\t\tcase 302: // Found","\t\t\t\t\tcase 303: // See Other","\t\t\t\t\t\tentry.isRedirect = true;","\t\t\t\t\t\tbreak;","","\t\t\t\t\tcase 404: // Not Found","\t\t\t\t\t\tphantomas.incrMetric('notFound');","\t\t\t\t\t\tphantomas.addOffender('notFound', entry.url);","\t\t\t\t\t\tbreak;","\t\t\t\t}","","\t\t\t\t// default value (if Content-Length header is not present in the response or it's base64-encoded)","\t\t\t\t// see issue #137","\t\t\t\tif (typeof entry.contentLength === 'undefined') {","\t\t\t\t\tentry.contentLength = entry.bodySize;","\t\t\t\t\tphantomas.log('%s: %j', 'contentLength missing', {url: entry.url, bodySize: entry.bodySize});","\t\t\t\t}","","\t\t\t\t// requests stats","\t\t\t\tif (!entry.isBase64) {","\t\t\t\t\tphantomas.incrMetric('requests');","","\t\t\t\t\tphantomas.incrMetric('bodySize', entry.bodySize);","\t\t\t\t\tphantomas.incrMetric('contentLength', entry.contentLength);","\t\t\t\t}","","\t\t\t\tif (entry.gzip) {","\t\t\t\t\tphantomas.incrMetric('gzipRequests');","\t\t\t\t\tphantomas.addOffender('gzipRequests', '%s (gzip: %s kB / uncompressed: %s kB)', entry.url, (entry.contentLength/1024).toFixed(2), (entry.bodySize/1024).toFixed(2));","\t\t\t\t}","","\t\t\t\tif (entry.isSSL) {","\t\t\t\t\tphantomas.incrMetric('httpsRequests');","\t\t\t\t\tphantomas.addOffender('httpsRequests', entry.url);","\t\t\t\t}","","\t\t\t\tif (entry.isBase64) {","\t\t\t\t\tphantomas.emit('base64recv', entry, res); // @desc base64-encoded \"response\" has been received","\t\t\t\t}","\t\t\t\telse {","\t\t\t\t\tphantomas.log('recv: HTTP %d <%s> [%s]', entry.status, entry.url, entry.contentType);","\t\t\t\t\tphantomas.emit('recv' , entry, res); // @desc response has been received","\t\t\t\t}","\t\t\t\tbreak;","\t\t}","\t});","","\t// completion of the last HTTP request","\tvar loadStartedTime;","\tphantomas.on('loadStarted', function(res) {","\t\t// when the monitoring started?","\t\tloadStartedTime = Date.now();","\t});","","        phantomas.on('recv', function(entry, res) {","\t\tphantomas.setMetric('httpTrafficCompleted', entry.recvEndTime - loadStartedTime);","\t});","};",""],"l":{"6":1,"8":1,"10":0,"13":0,"16":0,"17":0,"18":0,"19":0,"20":0,"21":0,"22":0,"23":0,"26":1,"27":0,"29":0,"31":0,"33":0,"34":0,"35":0,"37":0,"38":0,"43":0,"44":0,"45":0,"49":0,"51":0,"62":0,"63":0,"66":0,"67":0,"70":0,"72":0,"73":0,"78":0,"80":0,"81":0,"82":0,"83":0,"86":0,"88":0,"91":0,"93":0,"97":0,"98":0,"99":0,"100":0,"101":0,"102":0,"106":0,"109":0,"110":0,"114":0,"115":0,"120":0,"123":0,"124":0,"125":0,"128":0,"129":0,"130":0,"134":0,"136":0,"137":0,"138":0,"142":0,"145":0,"146":0,"147":0,"149":0,"153":0,"160":0,"165":0,"166":0,"168":0,"170":0,"171":0,"172":0,"175":0,"176":0,"177":0,"180":0,"181":0,"182":0,"187":0,"188":0,"189":0,"192":0,"193":0,"194":0,"201":0,"202":0,"204":0,"205":0,"207":0,"210":0,"211":0,"212":0,"225":0,"226":0,"228":0,"229":0,"231":0,"234":0,"236":0,"239":0,"240":0,"241":0,"243":0,"247":0,"248":0,"249":0,"252":0,"254":0,"258":0,"259":0,"261":0,"265":0,"266":0,"270":0,"273":0,"274":0,"276":0,"280":0,"281":0,"284":0,"285":0,"286":0,"291":0,"292":0,"293":0,"297":0,"298":0,"300":0,"301":0,"304":0,"305":0,"306":0,"309":0,"310":0,"311":0,"314":0,"315":0,"318":0,"319":0,"321":0,"326":0,"327":0,"329":0,"332":0,"333":0}},"/home/travis/build/npmtest/node-npmtest-phantomas/node_modules/phantomas/core/modules/timeToFirstByte/timeToFirstByte.js":{"path":"/home/travis/build/npmtest/node-npmtest-phantomas/node_modules/phantomas/core/modules/timeToFirstByte/timeToFirstByte.js","s":{"1":1,"2":1,"3":0,"4":0,"5":0,"6":0,"7":0,"8":0,"9":0,"10":0,"11":0,"12":0,"13":0,"14":0,"15":0,"16":0,"17":0,"18":0,"19":0,"20":0},"b":{"1":[0,0],"2":[0,0],"3":[0,0]},"f":{"1":0,"2":0},"fnMap":{"1":{"name":"(anonymous_1)","line":8,"loc":{"start":{"line":8,"column":17},"end":{"line":8,"column":37}}},"2":{"name":"(anonymous_2)","line":15,"loc":{"start":{"line":15,"column":22},"end":{"line":15,"column":43}}}},"statementMap":{"1":{"start":{"line":6,"column":0},"end":{"line":6,"column":24}},"2":{"start":{"line":8,"column":0},"end":{"line":43,"column":2}},"3":{"start":{"line":9,"column":1},"end":{"line":10,"column":12}},"4":{"start":{"line":12,"column":1},"end":{"line":12,"column":40}},"5":{"start":{"line":13,"column":1},"end":{"line":13,"column":39}},"6":{"start":{"line":15,"column":1},"end":{"line":42,"column":4}},"7":{"start":{"line":17,"column":2},"end":{"line":19,"column":3}},"8":{"start":{"line":18,"column":3},"end":{"line":18,"column":10}},"9":{"start":{"line":21,"column":2},"end":{"line":27,"column":3}},"10":{"start":{"line":23,"column":3},"end":{"line":23,"column":24}},"11":{"start":{"line":25,"column":3},"end":{"line":25,"column":127}},"12":{"start":{"line":26,"column":3},"end":{"line":26,"column":10}},"13":{"start":{"line":30,"column":2},"end":{"line":41,"column":3}},"14":{"start":{"line":31,"column":3},"end":{"line":31,"column":71}},"15":{"start":{"line":32,"column":3},"end":{"line":32,"column":69}},"16":{"start":{"line":34,"column":3},"end":{"line":34,"column":19}},"17":{"start":{"line":36,"column":3},"end":{"line":36,"column":145}},"18":{"start":{"line":37,"column":3},"end":{"line":37,"column":74}},"19":{"start":{"line":39,"column":3},"end":{"line":39,"column":53}},"20":{"start":{"line":40,"column":3},"end":{"line":40,"column":46}}},"branchMap":{"1":{"line":17,"type":"if","locations":[{"start":{"line":17,"column":2},"end":{"line":17,"column":2}},{"start":{"line":17,"column":2},"end":{"line":17,"column":2}}]},"2":{"line":21,"type":"if","locations":[{"start":{"line":21,"column":2},"end":{"line":21,"column":2}},{"start":{"line":21,"column":2},"end":{"line":21,"column":2}}]},"3":{"line":30,"type":"if","locations":[{"start":{"line":30,"column":2},"end":{"line":30,"column":2}},{"start":{"line":30,"column":2},"end":{"line":30,"column":2}}]}},"code":["/**"," * TTFB / TTLB metrics"," */","'use strict';","","exports.version = '1.1';","","exports.module = function(phantomas) {","\tvar measured = false,","\t\treqId = 1; // request ID to consider when calculating TTFB / TTLB","","\tphantomas.setMetric('timeToFirstByte'); // @desc time it took to receive the first byte of the first response (that was not a redirect)","\tphantomas.setMetric('timeToLastByte'); // @desc time it took to receive the last byte of the first response (that was not a redirect)","","\tphantomas.on('recv', function(entry, res) {","\t\t// metrics already calculated","\t\tif (measured) {","\t\t\treturn;","\t\t}","","\t\tif (entry.isRedirect) {","\t\t\t// wait for the next request","\t\t\treqId = entry.id + 1;","","\t\t\tphantomas.log('Time to first byte: response #%d <%s> is a redirect (waiting for response #%d)', entry.id, entry.url, reqId);","\t\t\treturn;","\t\t}","","\t\t// check the first response which is not a redirect (issue #74)","\t\tif (entry.id === reqId) {","\t\t\tphantomas.setMetric('timeToFirstByte', entry.timeToFirstByte, true);","\t\t\tphantomas.setMetric('timeToLastByte', entry.timeToLastByte, true);","","\t\t\tmeasured = true;","","\t\t\tphantomas.log('Time to first byte: set to %d ms for #%d request to <%s> (HTTP %d)', entry.timeToFirstByte, entry.id, entry.url, entry.status);","\t\t\tphantomas.log('Time to last byte: set to %d ms', entry.timeToLastByte);","","\t\t\tphantomas.emitInternal('responseEnd', entry, res); // @desc the first response (that was not a redirect) fully received","\t\t\tphantomas.emit('milestone', 'responseEnd');","\t\t}","\t});","};",""],"l":{"6":1,"8":1,"9":0,"12":0,"13":0,"15":0,"17":0,"18":0,"21":0,"23":0,"25":0,"26":0,"30":0,"31":0,"32":0,"34":0,"36":0,"37":0,"39":0,"40":0}}}